2023-10-02 22:16:19.314 [info] Log level: Info
2023-10-02 22:16:19.314 [info] Validating found git in: "git"
2023-10-02 22:16:19.314 [info] Using git "2.42.0" from "git"
2023-10-02 22:16:19.314 [info] > git rev-parse --show-toplevel [6ms]
2023-10-02 22:16:19.314 [info] fatal: not a git repository (or any of the parent directories): .git
2023-10-02 22:16:19.314 [info] > git rev-parse --show-toplevel [2ms]
2023-10-02 22:16:19.314 [info] fatal: not a git repository (or any of the parent directories): .git
2023-10-02 22:16:19.327 [info] > git rev-parse --show-toplevel [9ms]
2023-10-02 22:16:19.327 [info] fatal: not a git repository (or any of the parent directories): .git
2023-10-02 22:16:19.336 [info] > git rev-parse --show-toplevel [2ms]
2023-10-02 22:16:19.336 [info] fatal: not a git repository (or any of the parent directories): .git
2023-10-02 22:16:19.351 [info] > git rev-parse --show-toplevel [2ms]
2023-10-02 22:16:19.351 [info] fatal: not a git repository (or any of the parent directories): .git
2023-10-02 22:16:19.361 [info] > git rev-parse --show-toplevel [2ms]
2023-10-02 22:16:19.361 [info] fatal: not a git repository (or any of the parent directories): .git
2023-10-02 22:16:19.367 [info] > git rev-parse --show-toplevel [2ms]
2023-10-02 22:16:19.367 [info] fatal: not a git repository (or any of the parent directories): .git
2023-10-02 22:16:19.377 [info] > git rev-parse --show-toplevel [2ms]
2023-10-02 22:16:19.377 [info] fatal: not a git repository (or any of the parent directories): .git
2023-10-02 22:16:19.418 [info] > git rev-parse --show-toplevel [5ms]
2023-10-02 22:16:19.418 [info] fatal: not a git repository (or any of the parent directories): .git
2023-10-02 22:16:20.085 [info] > git rev-parse --show-toplevel [53ms]
2023-10-02 22:16:20.085 [info] fatal: not a git repository (or any of the parent directories): .git
