2023-09-30 11:40:57.837 [info] Added views:workbench.panel.markers.view in workbench.panel.markers
2023-09-30 11:40:57.837 [info] Added views:workbench.panel.output in workbench.panel.output
2023-09-30 11:40:57.837 [info] Added views:terminal in terminal
2023-09-30 11:40:57.837 [info] Added views:outline in workbench.view.explorer
2023-09-30 11:40:57.837 [info] Added views:workbench.scm in workbench.view.scm
2023-09-30 11:40:57.837 [info] Added views:workbench.view.search in workbench.view.search
2023-09-30 11:40:57.837 [info] Added views:timeline in workbench.view.explorer
2023-09-30 11:40:57.837 [info] Added views:workbench.explorer.fileView in workbench.view.explorer
2023-09-30 11:40:58.243 [info] Added views:gitlens.views.home,gitlens.views.workspaces,gitlens.views.account in workbench.view.extension.gitlens
2023-09-30 11:40:58.249 [info] Added views:gitlens.views.commitDetails,gitlens.views.lineHistory,gitlens.views.fileHistory,gitlens.views.searchAndCompare in workbench.view.extension.gitlensInspect
2023-09-30 11:40:58.251 [info] Added views:gitlens.views.commits,gitlens.views.branches,gitlens.views.remotes,gitlens.views.stashes,gitlens.views.tags in workbench.view.scm
2023-09-30 11:40:58.252 [info] Added views:dockerContainers,dockerImages,dockerRegistries,dockerNetworks,dockerVolumes,vscode-docker.views.dockerContexts,vscode-docker.views.help in workbench.view.extension.dockerView
2023-09-30 11:40:58.253 [info] Added views:targetsContainers,devVolumes in workbench.view.remote
2023-09-30 11:40:58.253 [info] Added views:thunder-client-sidebar in workbench.view.extension.thunder-client
2023-09-30 11:40:58.542 [info] Added views:workbench.debug.welcome in workbench.view.debug
2023-09-30 11:40:58.593 [info] Added views:workbench.panel.repl.view in workbench.panel.repl
2023-09-30 11:40:59.002 [info] Added views:~remote.forwardedPorts in ~remote.forwardedPortsContainer
2023-09-30 11:40:59.479 [info] Added views:petsView in workbench.view.explorer
2023-09-30 11:41:00.246 [info] Added views:gitlens.views.graph,gitlens.views.graphDetails in workbench.view.extension.gitlensPanel
2023-09-30 11:41:00.247 [info] Added views:gitlens.views.timeline in workbench.view.extension.gitlensInspect
2023-09-30 11:41:00.250 [info] Added views:gitlens.views.worktrees in workbench.view.scm
