[2023-09-26 10:39:49.257] [info]  [db] Initialized DB client
[2023-09-26 10:39:49.467] [info]  [FileSystemDriver] Initialized in "/home/scrviyy/.config/Insomnia/version-control"
[2023-09-26 10:39:49.468] [info]  [sync] checking for collections which need to be moved into a remote project
[2023-09-26 10:39:49.470] [info]  [FileSystemDriver] Initialized in "/home/scrviyy/.config/Insomnia/version-control"
[2023-09-26 10:39:50.560] [info]  [sync_menu] Error refreshing sync state TypeError: Cannot destructure property 'projects' of '(intermediate value)' as it is undefined.
    at f6._queryBackendProjects (file:///opt/Insomnia/resources/app.asar/index-f89f6e08.js:287:76)
    at async file:///opt/Insomnia/resources/app.asar/index-f89f6e08.js:1494:20391
    at async file:///opt/Insomnia/resources/app.asar/index-f89f6e08.js:1494:21001
[2023-09-26 10:39:59.026] [info]  [network] Response succeeded req=req_02ccfece28bd4cacbd7354af827d178a status=200
[2023-09-26 10:40:13.938] [info]  Error rendering template Template render error: (unknown path) [Line 3, Column 10]
  attempted to output null or undefined value
    at Object._prettifyError (/opt/Insomnia/resources/app.asar/node_modules/nunjucks/browser/nunjucks.js:113:11)
    at /opt/Insomnia/resources/app.asar/node_modules/nunjucks/browser/nunjucks.js:2743:19
    at Template.root [as rootRenderFunc] (eval at _compile (/opt/Insomnia/resources/app.asar/node_modules/nunjucks/browser/nunjucks.js:2806:18), <anonymous>:19:3)
    at Template.render (/opt/Insomnia/resources/app.asar/node_modules/nunjucks/browser/nunjucks.js:2733:10)
    at Environment.renderString (/opt/Insomnia/resources/app.asar/node_modules/nunjucks/browser/nunjucks.js:2592:17)
    at file:///opt/Insomnia/resources/app.asar/index-f89f6e08.js:90:19757
[2023-09-26 10:40:19.058] [info]  [network] Response succeeded req=req_3efa994a59f748419c2f0eb2f4b5e682 status=422
[2023-09-26 10:40:50.320] [info]  Failed to compare remote branches No active backend project
[2023-09-26 10:41:50.334] [info]  Failed to compare remote branches No active backend project
[2023-09-26 10:42:50.343] [info]  Failed to compare remote branches No active backend project
[2023-09-26 10:43:50.334] [info]  Failed to compare remote branches No active backend project
[2023-09-26 10:45:39.341] [info]  Failed to compare remote branches No active backend project
[2023-09-26 10:46:39.341] [info]  Failed to compare remote branches No active backend project
[2023-09-26 10:47:39.337] [info]  Failed to compare remote branches No active backend project
[2023-09-26 10:48:39.345] [info]  Failed to compare remote branches No active backend project
[2023-09-26 10:49:39.345] [info]  Failed to compare remote branches No active backend project
[2023-09-26 10:50:39.342] [info]  Failed to compare remote branches No active backend project
[2023-09-26 10:51:39.344] [info]  Failed to compare remote branches No active backend project
[2023-09-26 10:52:39.344] [info]  Failed to compare remote branches No active backend project
[2023-09-26 10:53:39.342] [info]  Failed to compare remote branches No active backend project
[2023-09-26 10:54:39.341] [info]  Failed to compare remote branches No active backend project
[2023-09-26 10:55:39.343] [info]  Failed to compare remote branches No active backend project
[2023-09-26 10:56:39.344] [info]  Failed to compare remote branches No active backend project
[2023-09-26 10:57:39.345] [info]  Failed to compare remote branches No active backend project
[2023-09-26 10:58:39.344] [info]  Failed to compare remote branches No active backend project
[2023-09-26 10:59:39.343] [info]  Failed to compare remote branches No active backend project
[2023-09-26 11:00:39.342] [info]  Failed to compare remote branches No active backend project
[2023-09-26 11:01:39.344] [info]  Failed to compare remote branches No active backend project
[2023-09-26 11:02:39.344] [info]  Failed to compare remote branches No active backend project
[2023-09-26 11:03:39.346] [info]  Failed to compare remote branches No active backend project
[2023-09-26 11:04:39.342] [info]  Failed to compare remote branches No active backend project
[2023-09-26 11:05:39.345] [info]  Failed to compare remote branches No active backend project
[2023-09-26 11:06:39.338] [info]  Failed to compare remote branches No active backend project
[2023-09-26 11:07:39.344] [info]  Failed to compare remote branches No active backend project
[2023-09-26 11:08:39.344] [info]  Failed to compare remote branches No active backend project
[2023-09-26 11:09:39.340] [info]  Failed to compare remote branches No active backend project
[2023-09-26 11:10:39.343] [info]  Failed to compare remote branches No active backend project
[2023-09-26 11:11:39.345] [info]  Failed to compare remote branches No active backend project
[2023-09-26 11:12:39.345] [info]  Failed to compare remote branches No active backend project
[2023-09-26 11:13:39.344] [info]  Failed to compare remote branches No active backend project
[2023-09-26 11:14:39.342] [info]  Failed to compare remote branches No active backend project
[2023-09-26 11:15:39.341] [info]  Failed to compare remote branches No active backend project
[2023-09-26 11:16:39.343] [info]  Failed to compare remote branches No active backend project
[2023-09-26 11:17:39.338] [info]  Failed to compare remote branches No active backend project
[2023-09-26 11:18:39.335] [info]  Failed to compare remote branches No active backend project
[2023-09-26 11:19:39.340] [info]  Failed to compare remote branches No active backend project
[2023-09-26 11:20:39.338] [info]  Failed to compare remote branches No active backend project
[2023-09-26 11:21:39.337] [info]  Failed to compare remote branches No active backend project
[2023-09-26 11:22:39.335] [info]  Failed to compare remote branches No active backend project
[2023-09-26 11:23:39.343] [info]  Failed to compare remote branches No active backend project
[2023-09-26 11:24:39.333] [info]  Failed to compare remote branches No active backend project
[2023-09-26 11:25:39.335] [info]  Failed to compare remote branches No active backend project
[2023-09-26 11:26:39.335] [info]  Failed to compare remote branches No active backend project
[2023-09-26 11:27:39.340] [info]  Failed to compare remote branches No active backend project
[2023-09-26 11:28:39.338] [info]  Failed to compare remote branches No active backend project
[2023-09-26 11:29:39.334] [info]  Failed to compare remote branches No active backend project
[2023-09-26 11:30:39.335] [info]  Failed to compare remote branches No active backend project
[2023-09-26 11:31:39.341] [info]  Failed to compare remote branches No active backend project
[2023-09-26 11:32:39.337] [info]  Failed to compare remote branches No active backend project
[2023-09-26 11:33:39.338] [info]  Failed to compare remote branches No active backend project
[2023-09-26 11:34:39.338] [info]  Failed to compare remote branches No active backend project
[2023-09-26 11:35:39.334] [info]  Failed to compare remote branches No active backend project
[2023-09-26 11:36:39.332] [info]  Failed to compare remote branches No active backend project
[2023-09-26 11:37:39.336] [info]  Failed to compare remote branches No active backend project
[2023-09-26 11:38:39.344] [info]  Failed to compare remote branches No active backend project
[2023-09-26 11:39:39.344] [info]  Failed to compare remote branches No active backend project
[2023-09-26 11:40:06.583] [info]  Failed to compare remote branches No active backend project
[2023-09-26 11:40:13.668] [info]  [network] Response succeeded req=req_638023d65b67409ab9d938e6fdf9e81c status=201
[2023-09-26 11:40:50.344] [info]  Failed to compare remote branches No active backend project
[2023-09-26 11:41:50.333] [info]  Failed to compare remote branches No active backend project
[2023-09-26 11:43:03.843] [info]  Failed to compare remote branches No active backend project
[2023-09-26 11:43:50.334] [info]  Failed to compare remote branches No active backend project
[2023-09-26 11:44:50.334] [info]  Failed to compare remote branches No active backend project
[2023-09-26 11:46:39.344] [info]  Failed to compare remote branches No active backend project
[2023-09-26 11:47:39.333] [info]  Failed to compare remote branches No active backend project
[2023-09-26 11:48:39.335] [info]  Failed to compare remote branches No active backend project
[2023-09-26 11:49:39.343] [info]  Failed to compare remote branches No active backend project
[2023-09-26 11:50:39.333] [info]  Failed to compare remote branches No active backend project
[2023-09-26 11:51:39.333] [info]  Failed to compare remote branches No active backend project
[2023-09-26 11:52:39.343] [info]  Failed to compare remote branches No active backend project
[2023-09-26 11:53:39.344] [info]  Failed to compare remote branches No active backend project
[2023-09-26 11:54:39.337] [info]  Failed to compare remote branches No active backend project
[2023-09-26 11:55:39.344] [info]  Failed to compare remote branches No active backend project
[2023-09-26 11:56:39.341] [info]  Failed to compare remote branches No active backend project
[2023-09-26 11:57:39.343] [info]  Failed to compare remote branches No active backend project
[2023-09-26 11:58:39.341] [info]  Failed to compare remote branches No active backend project
[2023-09-26 11:59:39.337] [info]  Failed to compare remote branches No active backend project
[2023-09-26 12:00:39.345] [info]  Failed to compare remote branches No active backend project
[2023-09-26 12:01:39.343] [info]  Failed to compare remote branches No active backend project
[2023-09-26 12:02:39.337] [info]  Failed to compare remote branches No active backend project
[2023-09-26 12:03:39.344] [info]  Failed to compare remote branches No active backend project
[2023-09-26 12:04:39.346] [info]  Failed to compare remote branches No active backend project
[2023-09-26 12:05:39.343] [info]  Failed to compare remote branches No active backend project
[2023-09-26 12:06:39.344] [info]  Failed to compare remote branches No active backend project
[2023-09-26 12:07:39.344] [info]  Failed to compare remote branches No active backend project
[2023-09-26 12:08:39.337] [info]  Failed to compare remote branches No active backend project
[2023-09-26 12:09:39.345] [info]  Failed to compare remote branches No active backend project
[2023-09-26 12:10:39.348] [info]  Failed to compare remote branches No active backend project
[2023-09-26 12:11:39.344] [info]  Failed to compare remote branches No active backend project
[2023-09-26 12:12:39.346] [info]  Failed to compare remote branches No active backend project
[2023-09-26 12:13:39.346] [info]  Failed to compare remote branches No active backend project
[2023-09-26 12:14:39.346] [info]  Failed to compare remote branches No active backend project
[2023-09-26 12:15:39.345] [info]  Failed to compare remote branches No active backend project
[2023-09-26 12:16:39.344] [info]  Failed to compare remote branches No active backend project
[2023-09-26 12:17:39.337] [info]  Failed to compare remote branches No active backend project
[2023-09-26 12:18:39.341] [info]  Failed to compare remote branches No active backend project
[2023-09-26 12:19:39.343] [info]  Failed to compare remote branches No active backend project
[2023-09-26 12:20:39.339] [info]  Failed to compare remote branches No active backend project
[2023-09-26 12:21:39.348] [info]  Failed to compare remote branches No active backend project
[2023-09-26 12:22:39.346] [info]  Failed to compare remote branches No active backend project
[2023-09-26 12:23:39.350] [info]  Failed to compare remote branches No active backend project
[2023-09-26 12:24:39.340] [info]  Failed to compare remote branches No active backend project
[2023-09-26 12:25:39.347] [info]  Failed to compare remote branches No active backend project
[2023-09-26 12:26:39.345] [info]  Failed to compare remote branches No active backend project
[2023-09-26 12:27:39.346] [info]  Failed to compare remote branches No active backend project
[2023-09-26 12:28:39.335] [info]  Failed to compare remote branches No active backend project
[2023-09-26 12:29:39.344] [info]  Failed to compare remote branches No active backend project
[2023-09-26 12:30:39.343] [info]  Failed to compare remote branches No active backend project
[2023-09-26 12:31:39.338] [info]  Failed to compare remote branches No active backend project
[2023-09-26 12:32:39.343] [info]  Failed to compare remote branches No active backend project
[2023-09-26 12:33:00.094] [info]  Failed to compare remote branches No active backend project
[2023-09-26 12:33:50.333] [info]  Failed to compare remote branches No active backend project
[2023-09-26 12:35:06.377] [info]  Failed to compare remote branches No active backend project
[2023-09-26 12:35:50.333] [info]  Failed to compare remote branches No active backend project
[2023-09-26 12:37:39.344] [info]  Failed to compare remote branches No active backend project
[2023-09-26 12:38:39.334] [info]  Failed to compare remote branches No active backend project
[2023-09-26 12:39:39.337] [info]  Failed to compare remote branches No active backend project
[2023-09-26 12:40:39.333] [info]  Failed to compare remote branches No active backend project
[2023-09-26 12:41:39.344] [info]  Failed to compare remote branches No active backend project
[2023-09-26 12:42:39.335] [info]  Failed to compare remote branches No active backend project
[2023-09-26 12:43:38.237] [info]  Failed to compare remote branches No active backend project
[2023-09-26 12:43:50.343] [info]  Failed to compare remote branches No active backend project
[2023-09-26 12:45:39.339] [info]  Failed to compare remote branches No active backend project
[2023-09-26 12:46:39.344] [info]  Failed to compare remote branches No active backend project
[2023-09-26 12:47:39.341] [info]  Failed to compare remote branches No active backend project
[2023-09-26 12:48:39.339] [info]  Failed to compare remote branches No active backend project
[2023-09-26 12:49:39.341] [info]  Failed to compare remote branches No active backend project
[2023-09-26 12:50:39.343] [info]  Failed to compare remote branches No active backend project
[2023-09-26 12:51:39.343] [info]  Failed to compare remote branches No active backend project
[2023-09-26 12:52:39.344] [info]  Failed to compare remote branches No active backend project
[2023-09-26 12:53:39.342] [info]  Failed to compare remote branches No active backend project
[2023-09-26 12:54:39.334] [info]  Failed to compare remote branches No active backend project
[2023-09-26 12:55:39.336] [info]  Failed to compare remote branches No active backend project
[2023-09-26 12:56:39.344] [info]  Failed to compare remote branches No active backend project
[2023-09-26 12:57:39.343] [info]  Failed to compare remote branches No active backend project
[2023-09-26 12:58:39.334] [info]  Failed to compare remote branches No active backend project
[2023-09-26 12:59:39.333] [info]  Failed to compare remote branches No active backend project
[2023-09-26 13:00:39.333] [info]  Failed to compare remote branches No active backend project
[2023-09-26 13:01:39.333] [info]  Failed to compare remote branches No active backend project
[2023-09-26 13:02:39.337] [info]  Failed to compare remote branches No active backend project
[2023-09-26 13:03:39.333] [info]  Failed to compare remote branches No active backend project
[2023-09-26 13:04:39.343] [info]  Failed to compare remote branches No active backend project
[2023-09-26 13:05:39.339] [info]  Failed to compare remote branches No active backend project
[2023-09-26 13:06:39.334] [info]  Failed to compare remote branches No active backend project
[2023-09-26 13:07:39.340] [info]  Failed to compare remote branches No active backend project
[2023-09-26 13:08:39.336] [info]  Failed to compare remote branches No active backend project
[2023-09-26 13:09:39.344] [info]  Failed to compare remote branches No active backend project
[2023-09-26 13:10:39.344] [info]  Failed to compare remote branches No active backend project
[2023-09-26 13:11:39.342] [info]  Failed to compare remote branches No active backend project
[2023-09-26 13:12:39.342] [info]  Failed to compare remote branches No active backend project
[2023-09-26 13:13:39.341] [info]  Failed to compare remote branches No active backend project
[2023-09-26 13:14:39.344] [info]  Failed to compare remote branches No active backend project
[2023-09-26 13:15:39.346] [info]  Failed to compare remote branches No active backend project
[2023-09-26 13:16:39.345] [info]  Failed to compare remote branches No active backend project
[2023-09-26 13:17:39.345] [info]  Failed to compare remote branches No active backend project
[2023-09-26 13:18:39.344] [info]  Failed to compare remote branches No active backend project
[2023-09-26 13:19:39.338] [info]  Failed to compare remote branches No active backend project
[2023-09-26 13:20:39.335] [info]  Failed to compare remote branches No active backend project
[2023-09-26 13:21:39.345] [info]  Failed to compare remote branches No active backend project
[2023-09-26 13:22:39.341] [info]  Failed to compare remote branches No active backend project
[2023-09-26 13:23:39.344] [info]  Failed to compare remote branches No active backend project
[2023-09-26 13:24:39.337] [info]  Failed to compare remote branches No active backend project
[2023-09-26 13:25:39.338] [info]  Failed to compare remote branches No active backend project
[2023-09-26 13:26:39.335] [info]  Failed to compare remote branches No active backend project
[2023-09-26 13:27:39.333] [info]  Failed to compare remote branches No active backend project
[2023-09-26 13:28:39.344] [info]  Failed to compare remote branches No active backend project
[2023-09-26 13:29:39.346] [info]  Failed to compare remote branches No active backend project
[2023-09-26 13:30:39.345] [info]  Failed to compare remote branches No active backend project
[2023-09-26 13:31:39.342] [info]  Failed to compare remote branches No active backend project
[2023-09-26 13:32:39.345] [info]  Failed to compare remote branches No active backend project
[2023-09-26 13:33:39.339] [info]  Failed to compare remote branches No active backend project
[2023-09-26 13:34:39.341] [info]  Failed to compare remote branches No active backend project
[2023-09-26 13:35:39.341] [info]  Failed to compare remote branches No active backend project
[2023-09-26 13:36:39.346] [info]  Failed to compare remote branches No active backend project
[2023-09-26 13:37:39.334] [info]  Failed to compare remote branches No active backend project
[2023-09-26 13:38:39.346] [info]  Failed to compare remote branches No active backend project
[2023-09-26 13:39:39.342] [info]  Failed to compare remote branches No active backend project
[2023-09-26 13:40:39.334] [info]  Failed to compare remote branches No active backend project
[2023-09-26 13:41:39.343] [info]  Failed to compare remote branches No active backend project
[2023-09-26 13:42:39.345] [info]  Failed to compare remote branches No active backend project
[2023-09-26 13:43:39.340] [info]  Failed to compare remote branches No active backend project
[2023-09-26 13:44:39.341] [info]  Failed to compare remote branches No active backend project
[2023-09-26 13:45:39.345] [info]  Failed to compare remote branches No active backend project
[2023-09-26 13:46:39.344] [info]  Failed to compare remote branches No active backend project
[2023-09-26 13:47:39.346] [info]  Failed to compare remote branches No active backend project
[2023-09-26 13:48:39.342] [info]  Failed to compare remote branches No active backend project
[2023-09-26 13:49:39.341] [info]  Failed to compare remote branches No active backend project
[2023-09-26 13:50:39.340] [info]  Failed to compare remote branches No active backend project
[2023-09-26 13:51:39.342] [info]  Failed to compare remote branches No active backend project
[2023-09-26 13:52:39.345] [info]  Failed to compare remote branches No active backend project
[2023-09-26 13:53:39.348] [info]  Failed to compare remote branches No active backend project
[2023-09-26 13:54:39.343] [info]  Failed to compare remote branches No active backend project
[2023-09-26 13:55:39.341] [info]  Failed to compare remote branches No active backend project
[2023-09-26 13:56:39.344] [info]  Failed to compare remote branches No active backend project
[2023-09-26 13:57:39.345] [info]  Failed to compare remote branches No active backend project
[2023-09-26 13:58:39.341] [info]  Failed to compare remote branches No active backend project
[2023-09-26 13:59:39.336] [info]  Failed to compare remote branches No active backend project
[2023-09-26 14:00:39.335] [info]  Failed to compare remote branches No active backend project
[2023-09-26 14:01:39.334] [info]  Failed to compare remote branches No active backend project
[2023-09-26 14:02:39.343] [info]  Failed to compare remote branches No active backend project
[2023-09-26 14:03:39.339] [info]  Failed to compare remote branches No active backend project
[2023-09-26 14:04:39.344] [info]  Failed to compare remote branches No active backend project
[2023-09-26 14:05:39.340] [info]  Failed to compare remote branches No active backend project
[2023-09-26 14:06:39.337] [info]  Failed to compare remote branches No active backend project
[2023-09-26 14:07:39.344] [info]  Failed to compare remote branches No active backend project
[2023-09-26 14:08:39.345] [info]  Failed to compare remote branches No active backend project
[2023-09-26 14:09:39.346] [info]  Failed to compare remote branches No active backend project
[2023-09-26 14:10:39.347] [info]  Failed to compare remote branches No active backend project
[2023-09-26 14:11:39.345] [info]  Failed to compare remote branches No active backend project
[2023-09-26 14:12:39.345] [info]  Failed to compare remote branches No active backend project
[2023-09-26 14:13:39.344] [info]  Failed to compare remote branches No active backend project
[2023-09-26 14:14:39.346] [info]  Failed to compare remote branches No active backend project
[2023-09-26 14:15:39.342] [info]  Failed to compare remote branches No active backend project
[2023-09-26 14:16:39.344] [info]  Failed to compare remote branches No active backend project
[2023-09-26 14:17:39.345] [info]  Failed to compare remote branches No active backend project
[2023-09-26 14:18:39.334] [info]  Failed to compare remote branches No active backend project
[2023-09-26 14:19:39.344] [info]  Failed to compare remote branches No active backend project
[2023-09-26 14:20:39.344] [info]  Failed to compare remote branches No active backend project
[2023-09-26 14:21:39.341] [info]  Failed to compare remote branches No active backend project
[2023-09-26 14:22:39.343] [info]  Failed to compare remote branches No active backend project
[2023-09-26 14:23:39.345] [info]  Failed to compare remote branches No active backend project
[2023-09-26 14:24:39.335] [info]  Failed to compare remote branches No active backend project
[2023-09-26 14:25:39.341] [info]  Failed to compare remote branches No active backend project
[2023-09-26 14:26:39.341] [info]  Failed to compare remote branches No active backend project
[2023-09-26 14:27:39.342] [info]  Failed to compare remote branches No active backend project
[2023-09-26 14:28:39.341] [info]  Failed to compare remote branches No active backend project
[2023-09-26 14:29:39.335] [info]  Failed to compare remote branches No active backend project
[2023-09-26 14:30:39.341] [info]  Failed to compare remote branches No active backend project
[2023-09-26 14:31:39.343] [info]  Failed to compare remote branches No active backend project
[2023-09-26 14:32:39.338] [info]  Failed to compare remote branches No active backend project
[2023-09-26 14:33:39.341] [info]  Failed to compare remote branches No active backend project
[2023-09-26 14:34:39.335] [info]  Failed to compare remote branches No active backend project
[2023-09-26 14:35:39.345] [info]  Failed to compare remote branches No active backend project
[2023-09-26 14:36:39.343] [info]  Failed to compare remote branches No active backend project
[2023-09-26 14:37:39.342] [info]  Failed to compare remote branches No active backend project
[2023-09-26 14:38:39.346] [info]  Failed to compare remote branches No active backend project
[2023-09-26 14:39:39.346] [info]  Failed to compare remote branches No active backend project
[2023-09-26 14:40:39.343] [info]  Failed to compare remote branches No active backend project
[2023-09-26 14:41:39.344] [info]  Failed to compare remote branches No active backend project
[2023-09-26 14:42:39.338] [info]  Failed to compare remote branches No active backend project
[2023-09-26 14:43:39.343] [info]  Failed to compare remote branches No active backend project
[2023-09-26 14:44:39.343] [info]  Failed to compare remote branches No active backend project
[2023-09-26 14:45:39.344] [info]  Failed to compare remote branches No active backend project
[2023-09-26 14:46:39.344] [info]  Failed to compare remote branches No active backend project
[2023-09-26 14:47:39.344] [info]  Failed to compare remote branches No active backend project
[2023-09-26 14:48:39.344] [info]  Failed to compare remote branches No active backend project
[2023-09-26 14:49:39.345] [info]  Failed to compare remote branches No active backend project
[2023-09-26 14:50:39.341] [info]  Failed to compare remote branches No active backend project
[2023-09-26 14:51:39.336] [info]  Failed to compare remote branches No active backend project
[2023-09-26 14:52:39.344] [info]  Failed to compare remote branches No active backend project
[2023-09-26 14:53:39.336] [info]  Failed to compare remote branches No active backend project
[2023-09-26 14:54:39.335] [info]  Failed to compare remote branches No active backend project
[2023-09-26 14:55:39.336] [info]  Failed to compare remote branches No active backend project
[2023-09-26 14:56:39.344] [info]  Failed to compare remote branches No active backend project
[2023-09-26 14:57:39.342] [info]  Failed to compare remote branches No active backend project
[2023-09-26 14:58:39.342] [info]  Failed to compare remote branches No active backend project
[2023-09-26 14:59:39.345] [info]  Failed to compare remote branches No active backend project
[2023-09-26 15:00:39.336] [info]  Failed to compare remote branches No active backend project
[2023-09-26 15:01:39.341] [info]  Failed to compare remote branches No active backend project
[2023-09-26 15:02:39.340] [info]  Failed to compare remote branches No active backend project
[2023-09-26 15:03:39.345] [info]  Failed to compare remote branches No active backend project
[2023-09-26 15:04:39.339] [info]  Failed to compare remote branches No active backend project
[2023-09-26 15:05:39.343] [info]  Failed to compare remote branches No active backend project
[2023-09-26 15:06:39.333] [info]  Failed to compare remote branches No active backend project
[2023-09-26 15:07:39.339] [info]  Failed to compare remote branches No active backend project
[2023-09-26 15:08:39.340] [info]  Failed to compare remote branches No active backend project
[2023-09-26 15:09:39.343] [info]  Failed to compare remote branches No active backend project
[2023-09-26 15:10:39.345] [info]  Failed to compare remote branches No active backend project
[2023-09-26 15:11:39.343] [info]  Failed to compare remote branches No active backend project
[2023-09-26 15:12:39.334] [info]  Failed to compare remote branches No active backend project
[2023-09-26 15:13:39.345] [info]  Failed to compare remote branches No active backend project
[2023-09-26 15:14:39.332] [info]  Failed to compare remote branches No active backend project
[2023-09-26 15:15:39.332] [info]  Failed to compare remote branches No active backend project
[2023-09-26 15:16:39.343] [info]  Failed to compare remote branches No active backend project
[2023-09-26 15:17:39.345] [info]  Failed to compare remote branches No active backend project
[2023-09-26 15:18:39.342] [info]  Failed to compare remote branches No active backend project
[2023-09-26 15:19:39.338] [info]  Failed to compare remote branches No active backend project
[2023-09-26 15:20:39.345] [info]  Failed to compare remote branches No active backend project
[2023-09-26 15:21:39.342] [info]  Failed to compare remote branches No active backend project
[2023-09-26 15:22:39.335] [info]  Failed to compare remote branches No active backend project
[2023-09-26 15:23:39.339] [info]  Failed to compare remote branches No active backend project
[2023-09-26 15:24:39.339] [info]  Failed to compare remote branches No active backend project
[2023-09-26 15:25:39.345] [info]  Failed to compare remote branches No active backend project
[2023-09-26 15:26:39.341] [info]  Failed to compare remote branches No active backend project
[2023-09-26 15:27:39.345] [info]  Failed to compare remote branches No active backend project
[2023-09-26 15:28:39.344] [info]  Failed to compare remote branches No active backend project
[2023-09-26 15:29:39.344] [info]  Failed to compare remote branches No active backend project
[2023-09-26 15:30:39.342] [info]  Failed to compare remote branches No active backend project
[2023-09-26 15:31:39.340] [info]  Failed to compare remote branches No active backend project
[2023-09-26 15:32:39.344] [info]  Failed to compare remote branches No active backend project
[2023-09-26 15:33:39.345] [info]  Failed to compare remote branches No active backend project
[2023-09-26 15:34:39.343] [info]  Failed to compare remote branches No active backend project
[2023-09-26 15:35:39.335] [info]  Failed to compare remote branches No active backend project
[2023-09-26 15:36:39.341] [info]  Failed to compare remote branches No active backend project
[2023-09-26 15:37:39.345] [info]  Failed to compare remote branches No active backend project
[2023-09-26 15:38:39.340] [info]  Failed to compare remote branches No active backend project
[2023-09-26 15:39:39.338] [info]  Failed to compare remote branches No active backend project
[2023-09-26 15:40:39.342] [info]  Failed to compare remote branches No active backend project
[2023-09-26 15:41:39.341] [info]  Failed to compare remote branches No active backend project
[2023-09-26 15:42:39.343] [info]  Failed to compare remote branches No active backend project
[2023-09-26 15:43:39.344] [info]  Failed to compare remote branches No active backend project
[2023-09-26 15:44:39.342] [info]  Failed to compare remote branches No active backend project
[2023-09-26 15:45:39.344] [info]  Failed to compare remote branches No active backend project
[2023-09-26 15:46:39.345] [info]  Failed to compare remote branches No active backend project
[2023-09-26 15:47:39.344] [info]  Failed to compare remote branches No active backend project
[2023-09-26 15:48:39.335] [info]  Failed to compare remote branches No active backend project
[2023-09-26 15:49:39.344] [info]  Failed to compare remote branches No active backend project
[2023-09-26 15:50:39.336] [info]  Failed to compare remote branches No active backend project
[2023-09-26 15:51:39.341] [info]  Failed to compare remote branches No active backend project
[2023-09-26 15:52:39.343] [info]  Failed to compare remote branches No active backend project
[2023-09-26 15:53:39.339] [info]  Failed to compare remote branches No active backend project
[2023-09-26 15:54:39.335] [info]  Failed to compare remote branches No active backend project
[2023-09-26 15:55:39.336] [info]  Failed to compare remote branches No active backend project
[2023-09-26 15:56:39.340] [info]  Failed to compare remote branches No active backend project
[2023-09-26 15:57:39.344] [info]  Failed to compare remote branches No active backend project
[2023-09-26 15:58:39.344] [info]  Failed to compare remote branches No active backend project
[2023-09-26 15:59:39.342] [info]  Failed to compare remote branches No active backend project
[2023-09-26 16:00:39.343] [info]  Failed to compare remote branches No active backend project
[2023-09-26 16:01:39.343] [info]  Failed to compare remote branches No active backend project
[2023-09-26 16:02:39.343] [info]  Failed to compare remote branches No active backend project
[2023-09-26 16:03:39.334] [info]  Failed to compare remote branches No active backend project
[2023-09-26 16:04:39.335] [info]  Failed to compare remote branches No active backend project
[2023-09-26 16:05:39.336] [info]  Failed to compare remote branches No active backend project
[2023-09-26 16:06:39.342] [info]  Failed to compare remote branches No active backend project
[2023-09-26 16:07:39.337] [info]  Failed to compare remote branches No active backend project
[2023-09-26 16:08:39.345] [info]  Failed to compare remote branches No active backend project
[2023-09-26 16:09:39.346] [info]  Failed to compare remote branches No active backend project
[2023-09-26 16:10:39.345] [info]  Failed to compare remote branches No active backend project
[2023-09-26 16:11:39.345] [info]  Failed to compare remote branches No active backend project
[2023-09-26 16:12:39.345] [info]  Failed to compare remote branches No active backend project
[2023-09-26 16:13:39.335] [info]  Failed to compare remote branches No active backend project
[2023-09-26 16:14:39.342] [info]  Failed to compare remote branches No active backend project
[2023-09-26 16:15:39.345] [info]  Failed to compare remote branches No active backend project
[2023-09-26 16:16:39.345] [info]  Failed to compare remote branches No active backend project
[2023-09-26 16:17:39.343] [info]  Failed to compare remote branches No active backend project
[2023-09-26 16:18:39.346] [info]  Failed to compare remote branches No active backend project
[2023-09-26 16:19:39.345] [info]  Failed to compare remote branches No active backend project
[2023-09-26 16:20:39.344] [info]  Failed to compare remote branches No active backend project
[2023-09-26 16:21:39.345] [info]  Failed to compare remote branches No active backend project
[2023-09-26 16:22:39.342] [info]  Failed to compare remote branches No active backend project
[2023-09-26 16:23:39.339] [info]  Failed to compare remote branches No active backend project
[2023-09-26 16:24:39.346] [info]  Failed to compare remote branches No active backend project
[2023-09-26 16:25:39.344] [info]  Failed to compare remote branches No active backend project
[2023-09-26 16:26:39.344] [info]  Failed to compare remote branches No active backend project
[2023-09-26 16:27:39.335] [info]  Failed to compare remote branches No active backend project
[2023-09-26 16:28:39.345] [info]  Failed to compare remote branches No active backend project
[2023-09-26 16:29:39.335] [info]  Failed to compare remote branches No active backend project
[2023-09-26 16:30:39.344] [info]  Failed to compare remote branches No active backend project
[2023-09-26 16:31:39.343] [info]  Failed to compare remote branches No active backend project
[2023-09-26 16:32:39.340] [info]  Failed to compare remote branches No active backend project
[2023-09-26 16:33:39.336] [info]  Failed to compare remote branches No active backend project
[2023-09-26 16:34:39.335] [info]  Failed to compare remote branches No active backend project
[2023-09-26 16:35:39.336] [info]  Failed to compare remote branches No active backend project
[2023-09-26 16:36:39.343] [info]  Failed to compare remote branches No active backend project
[2023-09-26 16:37:39.344] [info]  Failed to compare remote branches No active backend project
[2023-09-26 16:38:39.333] [info]  Failed to compare remote branches No active backend project
[2023-09-26 16:39:39.343] [info]  Failed to compare remote branches No active backend project
[2023-09-26 16:40:39.342] [info]  Failed to compare remote branches No active backend project
[2023-09-26 16:41:39.346] [info]  Failed to compare remote branches No active backend project
[2023-09-26 16:42:39.343] [info]  Failed to compare remote branches No active backend project
[2023-09-26 16:43:39.334] [info]  Failed to compare remote branches No active backend project
[2023-09-26 16:44:39.340] [info]  Failed to compare remote branches No active backend project
[2023-09-26 16:45:39.341] [info]  Failed to compare remote branches No active backend project
[2023-09-26 16:46:39.344] [info]  Failed to compare remote branches No active backend project
[2023-09-26 16:47:39.341] [info]  Failed to compare remote branches No active backend project
[2023-09-26 16:48:39.343] [info]  Failed to compare remote branches No active backend project
[2023-09-26 16:49:39.335] [info]  Failed to compare remote branches No active backend project
[2023-09-26 16:50:39.344] [info]  Failed to compare remote branches No active backend project
[2023-09-26 16:51:39.346] [info]  Failed to compare remote branches No active backend project
[2023-09-26 16:52:39.343] [info]  Failed to compare remote branches No active backend project
[2023-09-26 16:53:39.345] [info]  Failed to compare remote branches No active backend project
[2023-09-26 16:54:39.334] [info]  Failed to compare remote branches No active backend project
[2023-09-26 16:55:39.342] [info]  Failed to compare remote branches No active backend project
[2023-09-26 16:56:39.345] [info]  Failed to compare remote branches No active backend project
[2023-09-26 16:57:39.342] [info]  Failed to compare remote branches No active backend project
[2023-09-26 16:58:39.343] [info]  Failed to compare remote branches No active backend project
[2023-09-26 16:59:39.342] [info]  Failed to compare remote branches No active backend project
[2023-09-26 17:00:39.344] [info]  Failed to compare remote branches No active backend project
[2023-09-26 17:01:39.340] [info]  Failed to compare remote branches No active backend project
[2023-09-26 17:02:39.340] [info]  Failed to compare remote branches No active backend project
[2023-09-26 17:03:39.339] [info]  Failed to compare remote branches No active backend project
[2023-09-26 17:04:39.337] [info]  Failed to compare remote branches No active backend project
[2023-09-26 17:05:39.335] [info]  Failed to compare remote branches No active backend project
[2023-09-26 17:06:39.335] [info]  Failed to compare remote branches No active backend project
[2023-09-26 17:07:39.342] [info]  Failed to compare remote branches No active backend project
[2023-09-26 17:08:39.335] [info]  Failed to compare remote branches No active backend project
[2023-09-26 17:09:37.918] [info]  Failed to compare remote branches No active backend project
