[2023-09-25 11:47:30.060] [info]  [db] Initialized DB client
[2023-09-25 11:47:30.243] [info]  [FileSystemDriver] Initialized in "/home/scrviyy/.config/Insomnia/version-control"
[2023-09-25 11:47:30.244] [info]  [sync] checking for collections which need to be moved into a remote project
[2023-09-25 11:47:30.246] [info]  [FileSystemDriver] Initialized in "/home/scrviyy/.config/Insomnia/version-control"
[2023-09-25 11:47:31.709] [info]  [sync_menu] Error refreshing sync state TypeError: Cannot destructure property 'projects' of '(intermediate value)' as it is undefined.
    at f6._queryBackendProjects (file:///opt/Insomnia/resources/app.asar/index-f89f6e08.js:287:76)
    at async file:///opt/Insomnia/resources/app.asar/index-f89f6e08.js:1494:20391
    at async file:///opt/Insomnia/resources/app.asar/index-f89f6e08.js:1494:21001
[2023-09-25 11:47:39.886] [info]  [network] Response succeeded req=req_02ccfece28bd4cacbd7354af827d178a status=200
[2023-09-25 11:47:53.249] [info]  Error rendering template Template render error: (unknown path) [Line 3, Column 10]
  attempted to output null or undefined value
    at Object._prettifyError (/opt/Insomnia/resources/app.asar/node_modules/nunjucks/browser/nunjucks.js:113:11)
    at /opt/Insomnia/resources/app.asar/node_modules/nunjucks/browser/nunjucks.js:2743:19
    at Template.root [as rootRenderFunc] (eval at _compile (/opt/Insomnia/resources/app.asar/node_modules/nunjucks/browser/nunjucks.js:2806:18), <anonymous>:19:3)
    at Template.render (/opt/Insomnia/resources/app.asar/node_modules/nunjucks/browser/nunjucks.js:2733:10)
    at Environment.renderString (/opt/Insomnia/resources/app.asar/node_modules/nunjucks/browser/nunjucks.js:2592:17)
    at file:///opt/Insomnia/resources/app.asar/index-f89f6e08.js:90:19757
[2023-09-25 11:48:01.136] [info]  [network] Response succeeded req=req_481e36a7099b4fcca5470008e74c0a09 status=200
[2023-09-25 11:48:31.350] [info]  Failed to compare remote branches No active backend project
[2023-09-25 11:49:31.374] [info]  Failed to compare remote branches No active backend project
[2023-09-25 11:50:31.366] [info]  Failed to compare remote branches No active backend project
[2023-09-25 11:50:50.660] [info]  Error rendering template Template render error: (unknown path) [Line 1, Column 1]
  attempted to output null or undefined value
    at Object._prettifyError (/opt/Insomnia/resources/app.asar/node_modules/nunjucks/browser/nunjucks.js:113:11)
    at /opt/Insomnia/resources/app.asar/node_modules/nunjucks/browser/nunjucks.js:2743:19
    at Template.root [as rootRenderFunc] (eval at _compile (/opt/Insomnia/resources/app.asar/node_modules/nunjucks/browser/nunjucks.js:2806:18), <anonymous>:17:3)
    at Template.render (/opt/Insomnia/resources/app.asar/node_modules/nunjucks/browser/nunjucks.js:2733:10)
    at Environment.renderString (/opt/Insomnia/resources/app.asar/node_modules/nunjucks/browser/nunjucks.js:2592:17)
    at file:///opt/Insomnia/resources/app.asar/index-f89f6e08.js:90:19757
[2023-09-25 11:50:50.661] [info]  Failed to render element  {{shop_id}}
[2023-09-25 11:50:52.182] [info]  [network] Response succeeded req=req_13e489347da14c669477b770bebe2b44 status=200
[2023-09-25 11:50:52.544] [info]  Error rendering template Template render error: (unknown path) [Line 1, Column 1]
  attempted to output null or undefined value
    at Object._prettifyError (/opt/Insomnia/resources/app.asar/node_modules/nunjucks/browser/nunjucks.js:113:11)
    at /opt/Insomnia/resources/app.asar/node_modules/nunjucks/browser/nunjucks.js:2743:19
    at Template.root [as rootRenderFunc] (eval at _compile (/opt/Insomnia/resources/app.asar/node_modules/nunjucks/browser/nunjucks.js:2806:18), <anonymous>:17:3)
    at Template.render (/opt/Insomnia/resources/app.asar/node_modules/nunjucks/browser/nunjucks.js:2733:10)
    at Environment.renderString (/opt/Insomnia/resources/app.asar/node_modules/nunjucks/browser/nunjucks.js:2592:17)
    at file:///opt/Insomnia/resources/app.asar/index-f89f6e08.js:90:19757
[2023-09-25 11:50:52.544] [info]  Failed to render element  {{shop_id}}
[2023-09-25 11:51:31.372] [info]  Failed to compare remote branches No active backend project
[2023-09-25 11:52:31.363] [info]  Failed to compare remote branches No active backend project
[2023-09-25 11:53:57.374] [info]  Failed to compare remote branches No active backend project
[2023-09-25 11:54:57.365] [info]  Failed to compare remote branches No active backend project
[2023-09-25 11:55:57.374] [info]  Failed to compare remote branches No active backend project
[2023-09-25 11:56:44.262] [info]  Failed to compare remote branches No active backend project
[2023-09-25 11:56:49.457] [info]  [network] Response succeeded req=req_481e36a7099b4fcca5470008e74c0a09 status=200
[2023-09-25 11:56:54.315] [info]  [network] Response succeeded req=req_481e36a7099b4fcca5470008e74c0a09 status=200
[2023-09-25 11:57:31.373] [info]  Failed to compare remote branches No active backend project
[2023-09-25 11:58:57.373] [info]  Failed to compare remote branches No active backend project
[2023-09-25 11:59:57.373] [info]  Failed to compare remote branches No active backend project
[2023-09-25 12:00:57.373] [info]  Failed to compare remote branches No active backend project
[2023-09-25 12:01:57.374] [info]  Failed to compare remote branches No active backend project
[2023-09-25 12:02:57.373] [info]  Failed to compare remote branches No active backend project
[2023-09-25 12:03:31.193] [info]  Failed to compare remote branches No active backend project
[2023-09-25 12:04:31.373] [info]  Failed to compare remote branches No active backend project
[2023-09-25 12:05:57.372] [info]  Failed to compare remote branches No active backend project
[2023-09-25 12:06:57.373] [info]  Failed to compare remote branches No active backend project
[2023-09-25 12:07:57.374] [info]  Failed to compare remote branches No active backend project
[2023-09-25 12:08:57.364] [info]  Failed to compare remote branches No active backend project
[2023-09-25 12:09:57.376] [info]  Failed to compare remote branches No active backend project
[2023-09-25 12:10:57.374] [info]  Failed to compare remote branches No active backend project
[2023-09-25 12:11:57.366] [info]  Failed to compare remote branches No active backend project
[2023-09-25 12:12:57.368] [info]  Failed to compare remote branches No active backend project
[2023-09-25 12:13:57.373] [info]  Failed to compare remote branches No active backend project
[2023-09-25 12:14:57.372] [info]  Failed to compare remote branches No active backend project
[2023-09-25 12:15:57.375] [info]  Failed to compare remote branches No active backend project
[2023-09-25 12:16:57.374] [info]  Failed to compare remote branches No active backend project
[2023-09-25 12:17:57.371] [info]  Failed to compare remote branches No active backend project
[2023-09-25 12:18:57.369] [info]  Failed to compare remote branches No active backend project
[2023-09-25 12:19:57.367] [info]  Failed to compare remote branches No active backend project
[2023-09-25 12:20:57.367] [info]  Failed to compare remote branches No active backend project
[2023-09-25 12:21:57.366] [info]  Failed to compare remote branches No active backend project
[2023-09-25 12:22:57.375] [info]  Failed to compare remote branches No active backend project
[2023-09-25 12:23:57.374] [info]  Failed to compare remote branches No active backend project
[2023-09-25 12:24:57.372] [info]  Failed to compare remote branches No active backend project
[2023-09-25 12:25:57.372] [info]  Failed to compare remote branches No active backend project
[2023-09-25 12:26:57.373] [info]  Failed to compare remote branches No active backend project
[2023-09-25 12:27:57.372] [info]  Failed to compare remote branches No active backend project
[2023-09-25 12:28:57.374] [info]  Failed to compare remote branches No active backend project
[2023-09-25 12:29:57.373] [info]  Failed to compare remote branches No active backend project
[2023-09-25 12:30:57.367] [info]  Failed to compare remote branches No active backend project
[2023-09-25 12:31:57.374] [info]  Failed to compare remote branches No active backend project
[2023-09-25 12:32:57.373] [info]  Failed to compare remote branches No active backend project
[2023-09-25 12:33:57.373] [info]  Failed to compare remote branches No active backend project
[2023-09-25 12:34:57.373] [info]  Failed to compare remote branches No active backend project
[2023-09-25 12:35:57.374] [info]  Failed to compare remote branches No active backend project
[2023-09-25 12:36:57.373] [info]  Failed to compare remote branches No active backend project
[2023-09-25 12:37:57.372] [info]  Failed to compare remote branches No active backend project
[2023-09-25 12:38:57.364] [info]  Failed to compare remote branches No active backend project
[2023-09-25 12:39:57.373] [info]  Failed to compare remote branches No active backend project
[2023-09-25 12:40:57.375] [info]  Failed to compare remote branches No active backend project
[2023-09-25 12:41:57.375] [info]  Failed to compare remote branches No active backend project
[2023-09-25 12:42:57.372] [info]  Failed to compare remote branches No active backend project
[2023-09-25 12:43:57.374] [info]  Failed to compare remote branches No active backend project
[2023-09-25 12:44:57.373] [info]  Failed to compare remote branches No active backend project
[2023-09-25 12:45:57.374] [info]  Failed to compare remote branches No active backend project
[2023-09-25 12:46:57.373] [info]  Failed to compare remote branches No active backend project
[2023-09-25 12:47:57.373] [info]  Failed to compare remote branches No active backend project
[2023-09-25 12:48:57.374] [info]  Failed to compare remote branches No active backend project
[2023-09-25 12:49:57.368] [info]  Failed to compare remote branches No active backend project
[2023-09-25 12:50:57.375] [info]  Failed to compare remote branches No active backend project
[2023-09-25 12:51:57.374] [info]  Failed to compare remote branches No active backend project
[2023-09-25 12:52:57.372] [info]  Failed to compare remote branches No active backend project
[2023-09-25 12:53:57.393] [info]  Failed to compare remote branches No active backend project
[2023-09-25 12:54:57.392] [info]  Failed to compare remote branches No active backend project
[2023-09-25 12:55:57.374] [info]  Failed to compare remote branches No active backend project
[2023-09-25 12:56:57.391] [info]  Failed to compare remote branches No active backend project
[2023-09-25 12:57:57.393] [info]  Failed to compare remote branches No active backend project
[2023-09-25 12:58:57.394] [info]  Failed to compare remote branches No active backend project
[2023-09-25 12:59:57.387] [info]  Failed to compare remote branches No active backend project
[2023-09-25 13:00:57.399] [info]  Failed to compare remote branches No active backend project
[2023-09-25 13:01:57.375] [info]  Failed to compare remote branches No active backend project
[2023-09-25 13:02:57.382] [info]  Failed to compare remote branches No active backend project
[2023-09-25 13:03:31.375] [info]  Failed to compare remote branches No active backend project
[2023-09-25 13:04:57.376] [info]  Failed to compare remote branches No active backend project
[2023-09-25 13:05:31.371] [info]  Failed to compare remote branches No active backend project
[2023-09-25 13:06:57.374] [info]  Failed to compare remote branches No active backend project
[2023-09-25 13:07:57.375] [info]  Failed to compare remote branches No active backend project
[2023-09-25 13:08:57.407] [info]  Failed to compare remote branches No active backend project
[2023-09-25 13:09:57.375] [info]  Failed to compare remote branches No active backend project
[2023-09-25 13:10:57.376] [info]  Failed to compare remote branches No active backend project
[2023-09-25 13:11:57.367] [info]  Failed to compare remote branches No active backend project
[2023-09-25 13:12:28.527] [info]  [network] Response succeeded req=req_3e564904c86c420d9e823237c6ce1015 status=200
[2023-09-25 13:12:30.737] [info]  Failed to compare remote branches No active backend project
[2023-09-25 13:13:31.372] [info]  Failed to compare remote branches No active backend project
[2023-09-25 13:14:31.374] [info]  Failed to compare remote branches No active backend project
[2023-09-25 13:15:57.372] [info]  Failed to compare remote branches No active backend project
[2023-09-25 13:16:57.373] [info]  Failed to compare remote branches No active backend project
[2023-09-25 13:17:57.366] [info]  Failed to compare remote branches No active backend project
[2023-09-25 13:18:57.371] [info]  Failed to compare remote branches No active backend project
[2023-09-25 13:19:57.372] [info]  Failed to compare remote branches No active backend project
[2023-09-25 13:20:57.374] [info]  Failed to compare remote branches No active backend project
[2023-09-25 13:21:31.374] [info]  Failed to compare remote branches No active backend project
[2023-09-25 13:22:57.363] [info]  Failed to compare remote branches No active backend project
[2023-09-25 13:23:30.753] [info]  Failed to compare remote branches No active backend project
[2023-09-25 13:24:30.751] [info]  Failed to compare remote branches No active backend project
[2023-09-25 13:25:31.374] [info]  Failed to compare remote branches No active backend project
[2023-09-25 13:26:57.365] [info]  Failed to compare remote branches No active backend project
[2023-09-25 13:27:57.371] [info]  Failed to compare remote branches No active backend project
[2023-09-25 13:28:57.372] [info]  Failed to compare remote branches No active backend project
[2023-09-25 13:29:57.364] [info]  Failed to compare remote branches No active backend project
[2023-09-25 13:30:57.372] [info]  Failed to compare remote branches No active backend project
[2023-09-25 13:31:57.371] [info]  Failed to compare remote branches No active backend project
[2023-09-25 13:32:57.368] [info]  Failed to compare remote branches No active backend project
[2023-09-25 13:33:06.102] [info]  [network] Response succeeded req=req_3e564904c86c420d9e823237c6ce1015 status=200
[2023-09-25 13:33:31.373] [info]  Failed to compare remote branches No active backend project
[2023-09-25 13:34:43.653] [info]  Failed to compare remote branches No active backend project
[2023-09-25 13:34:49.535] [info]  Error rendering template Template render error: (unknown path) [Line 1, Column 1]
  attempted to output null or undefined value
    at Object._prettifyError (/opt/Insomnia/resources/app.asar/node_modules/nunjucks/browser/nunjucks.js:113:11)
    at /opt/Insomnia/resources/app.asar/node_modules/nunjucks/browser/nunjucks.js:2743:19
    at Template.root [as rootRenderFunc] (eval at _compile (/opt/Insomnia/resources/app.asar/node_modules/nunjucks/browser/nunjucks.js:2806:18), <anonymous>:17:3)
    at Template.render (/opt/Insomnia/resources/app.asar/node_modules/nunjucks/browser/nunjucks.js:2733:10)
    at Environment.renderString (/opt/Insomnia/resources/app.asar/node_modules/nunjucks/browser/nunjucks.js:2592:17)
    at file:///opt/Insomnia/resources/app.asar/index-f89f6e08.js:90:19757
[2023-09-25 13:34:49.535] [info]  Failed to render element  {{shop_id}}
[2023-09-25 13:34:51.303] [info]  [network] Response succeeded req=req_13e489347da14c669477b770bebe2b44 status=200
[2023-09-25 13:34:51.618] [info]  Error rendering template Template render error: (unknown path) [Line 1, Column 1]
  attempted to output null or undefined value
    at Object._prettifyError (/opt/Insomnia/resources/app.asar/node_modules/nunjucks/browser/nunjucks.js:113:11)
    at /opt/Insomnia/resources/app.asar/node_modules/nunjucks/browser/nunjucks.js:2743:19
    at Template.root [as rootRenderFunc] (eval at _compile (/opt/Insomnia/resources/app.asar/node_modules/nunjucks/browser/nunjucks.js:2806:18), <anonymous>:17:3)
    at Template.render (/opt/Insomnia/resources/app.asar/node_modules/nunjucks/browser/nunjucks.js:2733:10)
    at Environment.renderString (/opt/Insomnia/resources/app.asar/node_modules/nunjucks/browser/nunjucks.js:2592:17)
    at file:///opt/Insomnia/resources/app.asar/index-f89f6e08.js:90:19757
[2023-09-25 13:34:51.618] [info]  Failed to render element  {{shop_id}}
[2023-09-25 13:35:31.371] [info]  Failed to compare remote branches No active backend project
[2023-09-25 13:36:57.372] [info]  Failed to compare remote branches No active backend project
[2023-09-25 13:37:57.369] [info]  Failed to compare remote branches No active backend project
[2023-09-25 13:38:57.364] [info]  Failed to compare remote branches No active backend project
[2023-09-25 13:39:57.370] [info]  Failed to compare remote branches No active backend project
[2023-09-25 13:40:57.374] [info]  Failed to compare remote branches No active backend project
[2023-09-25 13:41:57.374] [info]  Failed to compare remote branches No active backend project
[2023-09-25 13:42:57.364] [info]  Failed to compare remote branches No active backend project
[2023-09-25 13:43:57.371] [info]  Failed to compare remote branches No active backend project
[2023-09-25 13:44:57.368] [info]  Failed to compare remote branches No active backend project
[2023-09-25 13:45:45.075] [info]  Failed to compare remote branches No active backend project
[2023-09-25 13:45:46.995] [info]  Error rendering template Template render error: (unknown path) [Line 1, Column 1]
  attempted to output null or undefined value
    at Object._prettifyError (/opt/Insomnia/resources/app.asar/node_modules/nunjucks/browser/nunjucks.js:113:11)
    at /opt/Insomnia/resources/app.asar/node_modules/nunjucks/browser/nunjucks.js:2743:19
    at Template.root [as rootRenderFunc] (eval at _compile (/opt/Insomnia/resources/app.asar/node_modules/nunjucks/browser/nunjucks.js:2806:18), <anonymous>:17:3)
    at Template.render (/opt/Insomnia/resources/app.asar/node_modules/nunjucks/browser/nunjucks.js:2733:10)
    at Environment.renderString (/opt/Insomnia/resources/app.asar/node_modules/nunjucks/browser/nunjucks.js:2592:17)
    at file:///opt/Insomnia/resources/app.asar/index-f89f6e08.js:90:19757
[2023-09-25 13:45:46.995] [info]  Failed to render element  {{shop_id}}
[2023-09-25 13:45:50.931] [warn]  Tried to replace mark that did not exist {
  lines: [],
  type: 'range',
  doc: {
    children: [
      {
        lines: [
          {
            text: '{{ _.url }}{{ _.resource }}',
            height: 18.1875,
            stateAfter: [Object],
            styles: [Array],
            order: false,
            markedSpans: [Array]
          }
        ],
        height: 18.1875
      }
    ],
    size: 1,
    height: 18.1875,
    parent: null,
    first: 0,
    scrollLeft: 0,
    scrollTop: 0,
    cantEdit: false,
    cleanGeneration: 1,
    highlightFrontier: 1,
    modeFrontier: 1,
    sel: {
      ranges: [ { anchor: { line: 0, ch: 0, sticky: null } } ],
      primIndex: 0
    },
    history: {
      done: [
        null,
        { changes: [ [Object] ], generation: 2 },
        { ranges: [ {} ], primIndex: 0 }
      ],
      undone: [],
      undoDepth: 200,
      lastSelTime: 1695659698273,
      lastModTime: 1695659698273,
      lastSelOp: 544,
      lastOp: 544,
      maxGeneration: 3,
      generation: 3
    },
    id: 55,
    modeOption: { name: 'nunjucks', baseMode: 'text/plain' },
    lineSep: null,
    direction: 'ltr',
    extend: false,
    cm: {
      options: {
        lineNumbers: false,
        placeholder: 'https://api.myproduct.com/v1/users',
        foldGutter: false,
        autoRefresh: { delay: 2000 },
        lineWrapping: false,
        scrollbarStyle: 'null',
        lint: false,
        matchBrackets: false,
        autoCloseBrackets: false,
        viewportMargin: 30,
        readOnly: false,
        tabindex: 0,
        selectionPointer: 'default',
        styleActiveLine: false,
        indentWithTabs: false,
        showCursorWhenSelecting: false,
        cursorScrollMargin: 12,
        keyMap: 'default',
        extraKeys: { 'Ctrl-Space': 'autocomplete' },
        gutters: [],
        environmentAutocomplete: {
          getVariables: '[function] async()=>{var v;return g?((v=await g())==null?void 0:v.keys)||[]:[]}',
          getTags: '[function] async()=>g?(await gr()).map(h).flat():[]',
          getConstants: '[function] ()=>Ia(i,Tt.type,l)',
          hotKeyRegistry: {
            workspace_showSettings: [Object],
            request_showSettings: [Object],
            preferences_showKeyboardShortcuts: [Object],
            preferences_showGeneral: [Object],
            request_quickSwitch: [Object],
            request_showRecent: [Object],
            request_showRecentPrevious: [Object],
            plugin_reload: [Object],
            showAutocomplete: [Object],
            request_send: [Object],
            request_showOptions: [Object],
            environment_showEditor: [Object],
            environment_showSwitchMenu: [Object],
            request_toggleHttpMethodMenu: [Object],
            request_toggleHistory: [Object],
            request_focusUrl: [Object],
            request_showGenerateCodeEditor: [Object],
            sidebar_focusFilter: [Object],
            sidebar_toggle: [Object],
            response_focus: [Object],
            showCookiesEditor: [Object],
            request_createHTTP: [Object],
            request_showDelete: [Object],
            request_showCreateFolder: [Object],
            request_showDuplicate: [Object],
            request_togglePin: [Object],
            environment_showVariableSourceAndValue: [Object],
            beautifyRequestBody: [Object],
            graphql_explorer_focus_filter: [Object]
          },
          autocompleteDelay: 1200
        },
        value: '',
        autofocus: false,
        finishInit: '[function] function(ee){ee.save=g,ee.getTextArea=function(){return s},ee.toTextArea=function(){ee.toTextArea=isNaN,g(),s.parentNode.removeChild(ee.getWrapperElement()),s.style.display="",s.form&&($e(s.form,"submit",g),!f.leaveSubmitMethodAlone&&typeof s.form.submit=="function"&&(s.form.submit=k))}}',
        indentUnit: 2,
        smartIndent: true,
        tabSize: 4,
        lineSeparator: null,
        specialChars: {},
        specialCharPlaceholder: '[function] function b2(s){var f=B("span","•","cm-invalidchar");return f.title="\\\\u"+s.charCodeAt(0).toString(16),f.setAttribute("aria-label",f.title),f}',
        electricChars: true,
        inputStyle: 'textarea',
        spellcheck: false,
        autocorrect: false,
        autocapitalize: false,
        rtlMoveVisually: true,
        wholeLineUpdateBefore: true,
        theme: 'default',
        configureMouse: null,
        fixedGutter: true,
        coverGutterNextToScrollbar: false,
        firstLineNumber: 1,
        lineNumberFormatter: '[function] function(g){return g}',
        resetSelectionOnContextMenu: true,
        lineWiseCopyCut: true,
        pasteLinesPerSelection: true,
        selectionsMayTouch: false,
        screenReaderLabel: null,
        disableInput: false,
        dragDrop: true,
        allowDropFileTypes: null,
        cursorBlinkRate: 530,
        cursorHeight: 1,
        singleCursorHeightPerLine: true,
        workTime: 100,
        workDelay: 100,
        flattenSpans: true,
        addModeClass: false,
        pollInterval: 100,
        undoDepth: 200,
        historyEventDelay: 1250,
        maxHighlightLength: 10000,
        moveInputWithCursor: true,
        direction: 'ltr',
        phrases: null,
        foldOptions: null,
        hintOptions: null,
        search: { bottom: false },
        scrollButtonHeight: 0,
        vimMode: false,
        info: false,
        jump: false
      },
      display: {
        input: {
          prevInput: '',
          pollingFast: false,
          polling: {
            id: null,
            f: null,
            time: 0,
            handler: '[function] function(){return s.apply(null,f)}'
          },
          hasSelection: false,
          composing: null,
          resetting: false,
          wrapper: {},
          textarea: { __sentry_instrumentation_handlers__: [Object] }
        },
        scrollbarFiller: {},
        gutterFiller: {},
        lineDiv: {},
        selectionDiv: {},
        cursorDiv: {},
        measure: {},
        lineMeasure: {},
        lineSpace: {},
        mover: {},
        sizer: {},
        sizerWidth: 125.421875,
        heightForcer: {},
        gutters: {},
        lineGutter: null,
        scroller: {},
        wrapper: {},
        viewTo: 1,
        viewFrom: 0,
        reportedViewTo: 1,
        reportedViewFrom: 0,
        view: [
          {
            size: 1,
            text: {},
            measure: [Object],
            textClass: ' CodeMirror-line'
          }
        ],
        externalMeasured: null,
        viewOffset: 0,
        lastWrapWidth: 366,
        lastWrapHeight: 36,
        updateLineNumbers: null,
        barWidth: 0,
        barHeight: 0,
        nativeBarWidth: 7,
        scrollbarsClipped: true,
        lineNumChars: null,
        lineNumInnerWidth: null,
        lineNumWidth: null,
        alignWidgets: false,
        cachedPaddingH: null,
        cachedTextHeight: 18.18,
        cachedCharWidth: 6.8421875,
        maxLineLength: 27,
        maxLineChanged: false,
        wheelStartY: null,
        wheelStartX: null,
        wheelDY: null,
        wheelDX: null,
        shift: false,
        selForContextMenu: null,
        activeTouch: null,
        gutterSpecs: [],
        externalMeasure: null,
        scrollbars: {},
        dragFunctions: {
          enter: '[function] function(ee){v1(s,ee)||o2(ee)}',
          over: '[function] function(ee){v1(s,ee)||(s4e(s,ee),o2(ee))}',
          start: '[function] function(ee){return c4e(s,ee)}',
          drop: '[function] function(){if(s.curOp)return f.apply(s,arguments);Mc(s);try{return f.apply(s,arguments)}finally{zc(s)}}',
          leave: '[function] function(ee){v1(s,ee)||_N(s)}'
        }
      },
      state: {
        keyMaps: [
          {
            name: 'autocomplete-keymap',
            "' '": '[function] function a(l){return n(l,()=>{const u=l.getCursor(),d=p2.Pos(u.line,u.ch-kw),h=l.getRange(d,u);return vAe.test(h)},!0),p2.Pass}',
            'Ctrl-Space': '[function] function i(l){return n(l,void 0,!0),p2.Pass}'
          }
        ],
        overlays: [],
        modeGen: 1,
        overwrite: false,
        delayingBlurEvent: false,
        focused: false,
        suppressEdits: false,
        pasteIncoming: -1,
        cutIncoming: -1,
        selectingText: false,
        draggingText: false,
        highlight: {
          id: 0,
          f: '[function] function(){return s.apply(null,f)}',
          time: 1695659698673,
          handler: '[function] function(){return s.apply(null,f)}'
        },
        keySeq: null,
        specialChars: {},
        selectionPointer: {
          value: 'default',
          mousemove: '[function] function(h){r(l,h)}',
          mouseout: '[function] function(h){a(l,h)}',
          windowScroll: '[function] function(){i(l)}',
          rects: [],
          mouseX: null,
          mouseY: null,
          willUpdate: false
        },
        placeholderCompose: '[function] function(){i(u)}',
        placeholder: null
      },
      curOp: null,
      _handlers: {
        cursorActivity: [
          '[function] function i(l){l.state.selectionPointer.rects=null,o(l)}',
          '[function] function () { [native code] }'
        ],
        scroll: [
          '[function] function i(l){l.state.selectionPointer.rects=null,o(l)}'
        ],
        blur: [
          '[function] function o(u){l(u)&&a(u)}',
          '[function] ()=>{var v,w;return(w=(v=m.current)==null?void 0:v.getTextArea().parentElement)==null?void 0:w.removeAttribute("data-focused")}'
        ],
        change: [
          '[function] function c(u){var d=u.getWrapperElement(),h=l(u);d.className=d.className.replace(" CodeMirror-empty","")+(h?" CodeMirror-empty":""),h?a(u):r(u)}',
          '[function] (i,o)=>{(o.origin||"unknown").match(/^[+*]/)?a():r()}'
        ],
        swapDoc: [
          '[function] function c(u){var d=u.getWrapperElement(),h=l(u);d.className=d.className.replace(" CodeMirror-empty","")+(h?" CodeMirror-empty":""),h?a(u):r(u)}'
        ],
        keydown: [
          '[function] (l,u)=>{if(l.isHintDropdownActive()&&u.key==="Escape"){if(!l.state.completionActive)return;u.preventDefault(),u.stopPropagation(),l.state.completionActive.close()}u.metaKey||u.ctrlKey||u.altKey||u.key.length>1||(c!==null&&clearTimeout(c),t.autocompleteDelay>0&&(c=setTimeout(()=>{r(l)},t.autocompleteDelay)))}',
          '[function] (v,w)=>{w.code==="Tab"&&(w.codemirrorIgnore=!0);const _={ctrl:w.ctrlKey,alt:w.altKey,shift:w.shiftKey,meta:w.metaKey,keyCode:w.keyCode},R=As(_,x.hotKeyRegistry),L=As(_,{showAutocomplete:x.hotKeyRegistry.showAutocomplete}),V=R&&!L,H=w.code==="Escape";V||H?w.codemirrorIgnore=!0:w.stopPropagation(),r&&!v.isHintDropdownActive()&&r(w,v.getValue())}'
        ],
        endCompletion: [ '[function] ()=>{c!==null&&clearTimeout(c)}' ],
        beforeChange: [
          '[function] (v,w)=>{var R;if(w.text&&w.text.length>1){if(w.text[0].startsWith("curl")){w.cancel();return}(R=w.update)==null||R.call(w,w.from,w.to,[w.text.join("").replace(/\\n/g," ")])}}'
        ],
        paste: [
          '[function] (v,w)=>{var R;const _=(R=w.clipboardData)==null?void 0:R.getData("text/plain");c&&_&&_.startsWith("curl ")&&c(_)}'
        ],
        focus: [
          '[function] ()=>{var v,w;return(w=(v=m.current)==null?void 0:v.getTextArea().parentElement)==null?void 0:w.setAttribute("data-focused","on")}'
        ],
        keyHandled: [ '[function] (v,w,_)=>_.stopPropagation()' ],
        copy: [
          '[function] (v,w)=>(l==null?void 0:l.toLowerCase())==="password"&&w.preventDefault()'
        ],
        cut: [
          '[function] (v,w)=>(l==null?void 0:l.toLowerCase())==="password"&&w.preventDefault()'
        ],
        dragstart: [
          '[function] (v,w)=>(l==null?void 0:l.toLowerCase())==="password"&&w.preventDefault()'
        ],
        viewportChange: [ '[function] function () { [native code] }' ],
        changes: [ '[function] function () { [native code] }' ]
      },
      save: '[function] function g(){s.value=Y.getValue()}',
      getTextArea: '[function] function(){return s}',
      toTextArea: '[function] function(){ee.toTextArea=isNaN,g(),s.parentNode.removeChild(ee.getWrapperElement()),s.style.display="",s.form&&($e(s.form,"submit",g),!f.leaveSubmitMethodAlone&&typeof s.form.submit=="function"&&(s.form.submit=k))}'
    },
    mode: {
      startState: '[function] function(){return{base:n.startState(r),overlay:n.startState(a),basePos:0,baseCur:null,overlayPos:0,overlayCur:null,streamSeen:null}}',
      copyState: '[function] function(o){return{base:n.copyState(r,o.base),overlay:n.copyState(a,o.overlay),basePos:o.basePos,baseCur:null,overlayPos:o.overlayPos,overlayCur:null}}',
      token: '[function] function(o,c){return(o!=c.streamSeen||Math.min(c.basePos,c.overlayPos)<o.start)&&(c.streamSeen=o,c.basePos=c.overlayPos=o.start),o.start==c.basePos&&(c.baseCur=r.token(o,c.base),c.basePos=o.pos),o.start==c.overlayPos&&(o.pos=o.start,c.overlayCur=a.token(o,c.overlay),c.overlayPos=o.pos),o.pos=Math.min(c.basePos,c.overlayPos),c.overlayCur==null?c.baseCur:c.baseCur!=null&&c.overlay.combineTokens||i&&c.overlay.combineTokens==null?c.baseCur+" "+c.overlayCur:c.overlayCur}',
      innerMode: '[function] function(o){return{state:o.base,mode:r}}',
      blankLine: '[function] function(o){var c,l;return r.blankLine&&(c=r.blankLine(o.base)),a.blankLine&&(l=a.blankLine(o.overlay)),l==null?c:i&&c!=null?c+" "+l:l}',
      name: 'nunjucks'
    }
  },
  id: 98,
  __nunjucks: true,
  __template: '{{ _.resource }}',
  handleMouseEvents: false,
  replacedWith: {
    __sentry_instrumentation_handlers__: {
      click: {
        refCount: 1,
        handler: '[function] function (event) {\n' +
          "        // It's possible this handler might trigger multiple times for the same\n" +
          '        // event (e.g. event propagation through node ancestors).\n' +
          "        // Ignore if we've already captured that event.\n" +
          '        if (!event || lastCapturedEvent === event) {\n' +
          '            return;\n' +
          '        }\n' +
          '        // We always want to skip _some_ events.\n' +
          '        if (shouldSkipDOMEvent(event)) {\n' +
          '            return;\n' +
          '        }\n' +
          "        var name = event.type === 'keypress' ? 'input' : event.type;\n" +
          '        // If there is no debounce timer, it means that we can safely capture the new event and store it for future comparisons.\n' +
          '        if (debounceTimerID === undefined) {\n' +
          '            handler({\n' +
          '                event: event,\n' +
          '                name: name,\n' +
          '                global: globalListener,\n' +
          '            });\n' +
          '            lastCapturedEvent = event;\n' +
          '        }\n' +
          '        // If there is a debounce awaiting, see if the new event is different enough to treat it as a unique one.\n' +
          "        // If that's the case, emit the previous event and store locally the newly-captured DOM event.\n" +
          '        else if (shouldShortcircuitPreviousDebounce(lastCapturedEvent, event)) {\n' +
          '            handler({\n' +
          '                event: event,\n' +
          '                name: name,\n' +
          '                global: globalListener,\n' +
          '            });\n' +
          '            lastCapturedEvent = event;\n' +
          '        }\n' +
          '        // Start a new debounce timer that will prevent us from capturing multiple events that should be grouped together.\n' +
          '        clearTimeout(debounceTimerID);\n' +
          '        debounceTimerID = global.setTimeout(function () {\n' +
          '            debounceTimerID = undefined;\n' +
          '        }, debounceDuration);\n' +
          '    }'
      }
    }
  },
  collapsed: true,
  widgetNode: {},
  atomic: true
}
[2023-09-25 13:45:55.011] [info]  [network] Response succeeded req=req_02ccfece28bd4cacbd7354af827d178a status=200
[2023-09-25 13:46:05.783] [info]  Error rendering template Template render error: (unknown path) [Line 3, Column 10]
  attempted to output null or undefined value
    at Object._prettifyError (/opt/Insomnia/resources/app.asar/node_modules/nunjucks/browser/nunjucks.js:113:11)
    at /opt/Insomnia/resources/app.asar/node_modules/nunjucks/browser/nunjucks.js:2743:19
    at Template.root [as rootRenderFunc] (eval at _compile (/opt/Insomnia/resources/app.asar/node_modules/nunjucks/browser/nunjucks.js:2806:18), <anonymous>:19:3)
    at Template.render (/opt/Insomnia/resources/app.asar/node_modules/nunjucks/browser/nunjucks.js:2733:10)
    at Environment.renderString (/opt/Insomnia/resources/app.asar/node_modules/nunjucks/browser/nunjucks.js:2592:17)
    at file:///opt/Insomnia/resources/app.asar/index-f89f6e08.js:90:19757
[2023-09-25 13:46:10.525] [info]  Error rendering template Template render error: (unknown path) [Line 1, Column 1]
  attempted to output null or undefined value
    at Object._prettifyError (/opt/Insomnia/resources/app.asar/node_modules/nunjucks/browser/nunjucks.js:113:11)
    at /opt/Insomnia/resources/app.asar/node_modules/nunjucks/browser/nunjucks.js:2743:19
    at Template.root [as rootRenderFunc] (eval at _compile (/opt/Insomnia/resources/app.asar/node_modules/nunjucks/browser/nunjucks.js:2806:18), <anonymous>:17:3)
    at Template.render (/opt/Insomnia/resources/app.asar/node_modules/nunjucks/browser/nunjucks.js:2733:10)
    at Environment.renderString (/opt/Insomnia/resources/app.asar/node_modules/nunjucks/browser/nunjucks.js:2592:17)
    at file:///opt/Insomnia/resources/app.asar/index-f89f6e08.js:90:19757
[2023-09-25 13:46:10.526] [info]  Failed to render element  {{shop_id}}
[2023-09-25 13:46:19.734] [info]  [network] Response succeeded req=req_481e36a7099b4fcca5470008e74c0a09 status=200
[2023-09-25 13:46:31.374] [info]  Failed to compare remote branches No active backend project
[2023-09-25 13:47:20.320] [info]  [network] Response succeeded req=req_481e36a7099b4fcca5470008e74c0a09 status=200
[2023-09-25 13:47:31.364] [info]  Failed to compare remote branches No active backend project
[2023-09-25 13:48:57.372] [info]  Failed to compare remote branches No active backend project
[2023-09-25 13:49:57.373] [info]  Failed to compare remote branches No active backend project
[2023-09-25 13:50:57.366] [info]  Failed to compare remote branches No active backend project
[2023-09-25 13:51:57.373] [info]  Failed to compare remote branches No active backend project
[2023-09-25 13:52:57.363] [info]  Failed to compare remote branches No active backend project
[2023-09-25 13:53:57.368] [info]  Failed to compare remote branches No active backend project
[2023-09-25 13:54:57.373] [info]  Failed to compare remote branches No active backend project
[2023-09-25 13:55:57.372] [info]  Failed to compare remote branches No active backend project
[2023-09-25 13:56:48.576] [info]  Failed to compare remote branches No active backend project
[2023-09-25 13:57:29.585] [info]  [network] Response succeeded req=req_9fb87ab3cc214d94affd716c71b0c8ca status=200
[2023-09-25 13:57:30.737] [info]  Failed to compare remote branches No active backend project
[2023-09-25 13:57:33.438] [info]  [network] Response succeeded req=req_90b11417e89047daa4631a18c4c9364b status=200
[2023-09-25 13:57:36.609] [info]  [network] Response succeeded req=req_3e564904c86c420d9e823237c6ce1015 status=200
[2023-09-25 13:57:45.838] [info]  [network] Response succeeded req=req_9fb87ab3cc214d94affd716c71b0c8ca status=200
[2023-09-25 13:58:31.373] [info]  Failed to compare remote branches No active backend project
[2023-09-25 13:59:53.185] [info]  Failed to compare remote branches No active backend project
[2023-09-25 14:00:31.362] [info]  Failed to compare remote branches No active backend project
[2023-09-25 14:01:57.374] [info]  Failed to compare remote branches No active backend project
[2023-09-25 14:02:57.373] [info]  Failed to compare remote branches No active backend project
[2023-09-25 14:03:57.373] [info]  Failed to compare remote branches No active backend project
[2023-09-25 14:04:57.373] [info]  Failed to compare remote branches No active backend project
[2023-09-25 14:05:57.374] [info]  Failed to compare remote branches No active backend project
[2023-09-25 14:06:57.374] [info]  Failed to compare remote branches No active backend project
[2023-09-25 14:07:57.370] [info]  Failed to compare remote branches No active backend project
[2023-09-25 14:08:57.374] [info]  Failed to compare remote branches No active backend project
[2023-09-25 14:09:57.373] [info]  Failed to compare remote branches No active backend project
[2023-09-25 14:10:57.374] [info]  Failed to compare remote branches No active backend project
[2023-09-25 14:11:57.373] [info]  Failed to compare remote branches No active backend project
[2023-09-25 14:12:57.373] [info]  Failed to compare remote branches No active backend project
[2023-09-25 14:13:57.373] [info]  Failed to compare remote branches No active backend project
[2023-09-25 14:14:57.374] [info]  Failed to compare remote branches No active backend project
[2023-09-25 14:15:19.934] [info]  [network] Response succeeded req=req_52ffa4d87d0d40fc8f5520eb6a383edc status=200
[2023-09-25 14:15:31.366] [info]  Failed to compare remote branches No active backend project
[2023-09-25 14:16:57.366] [info]  Failed to compare remote branches No active backend project
[2023-09-25 14:17:57.365] [info]  Failed to compare remote branches No active backend project
[2023-09-25 14:18:57.363] [info]  Failed to compare remote branches No active backend project
[2023-09-25 14:19:57.374] [info]  Failed to compare remote branches No active backend project
[2023-09-25 14:20:57.373] [info]  Failed to compare remote branches No active backend project
[2023-09-25 14:21:57.374] [info]  Failed to compare remote branches No active backend project
[2023-09-25 14:22:57.374] [info]  Failed to compare remote branches No active backend project
[2023-09-25 14:23:57.372] [info]  Failed to compare remote branches No active backend project
[2023-09-25 14:24:57.368] [info]  Failed to compare remote branches No active backend project
[2023-09-25 14:25:57.364] [info]  Failed to compare remote branches No active backend project
[2023-09-25 14:26:57.363] [info]  Failed to compare remote branches No active backend project
[2023-09-25 14:27:57.372] [info]  Failed to compare remote branches No active backend project
[2023-09-25 14:28:57.373] [info]  Failed to compare remote branches No active backend project
[2023-09-25 14:29:57.372] [info]  Failed to compare remote branches No active backend project
[2023-09-25 14:30:57.364] [info]  Failed to compare remote branches No active backend project
[2023-09-25 14:31:57.365] [info]  Failed to compare remote branches No active backend project
[2023-09-25 14:32:57.363] [info]  Failed to compare remote branches No active backend project
[2023-09-25 14:33:57.364] [info]  Failed to compare remote branches No active backend project
[2023-09-25 14:34:57.364] [info]  Failed to compare remote branches No active backend project
[2023-09-25 14:35:57.374] [info]  Failed to compare remote branches No active backend project
[2023-09-25 14:36:57.365] [info]  Failed to compare remote branches No active backend project
[2023-09-25 14:37:57.367] [info]  Failed to compare remote branches No active backend project
[2023-09-25 14:38:57.363] [info]  Failed to compare remote branches No active backend project
[2023-09-25 14:39:57.364] [info]  Failed to compare remote branches No active backend project
[2023-09-25 14:40:57.369] [info]  Failed to compare remote branches No active backend project
[2023-09-25 14:41:57.367] [info]  Failed to compare remote branches No active backend project
[2023-09-25 14:42:57.367] [info]  Failed to compare remote branches No active backend project
[2023-09-25 14:43:57.364] [info]  Failed to compare remote branches No active backend project
[2023-09-25 14:44:57.370] [info]  Failed to compare remote branches No active backend project
[2023-09-25 14:45:57.363] [info]  Failed to compare remote branches No active backend project
[2023-09-25 14:46:57.363] [info]  Failed to compare remote branches No active backend project
[2023-09-25 14:47:57.372] [info]  Failed to compare remote branches No active backend project
[2023-09-25 14:48:57.373] [info]  Failed to compare remote branches No active backend project
[2023-09-25 14:49:57.364] [info]  Failed to compare remote branches No active backend project
[2023-09-25 14:50:57.372] [info]  Failed to compare remote branches No active backend project
[2023-09-25 14:51:57.372] [info]  Failed to compare remote branches No active backend project
[2023-09-25 14:52:57.363] [info]  Failed to compare remote branches No active backend project
[2023-09-25 14:53:57.375] [info]  Failed to compare remote branches No active backend project
[2023-09-25 14:54:57.364] [info]  Failed to compare remote branches No active backend project
[2023-09-25 14:55:57.365] [info]  Failed to compare remote branches No active backend project
[2023-09-25 14:56:57.369] [info]  Failed to compare remote branches No active backend project
[2023-09-25 14:57:57.373] [info]  Failed to compare remote branches No active backend project
[2023-09-25 14:58:57.374] [info]  Failed to compare remote branches No active backend project
[2023-09-25 14:59:57.373] [info]  Failed to compare remote branches No active backend project
[2023-09-25 15:00:57.363] [info]  Failed to compare remote branches No active backend project
[2023-09-25 15:01:57.370] [info]  Failed to compare remote branches No active backend project
[2023-09-25 15:02:57.368] [info]  Failed to compare remote branches No active backend project
[2023-09-25 15:03:57.367] [info]  Failed to compare remote branches No active backend project
[2023-09-25 15:04:57.372] [info]  Failed to compare remote branches No active backend project
[2023-09-25 15:05:57.372] [info]  Failed to compare remote branches No active backend project
[2023-09-25 15:06:57.372] [info]  Failed to compare remote branches No active backend project
[2023-09-25 15:07:57.363] [info]  Failed to compare remote branches No active backend project
[2023-09-25 15:08:57.365] [info]  Failed to compare remote branches No active backend project
[2023-09-25 15:09:57.366] [info]  Failed to compare remote branches No active backend project
[2023-09-25 15:10:57.363] [info]  Failed to compare remote branches No active backend project
[2023-09-25 15:11:57.365] [info]  Failed to compare remote branches No active backend project
[2023-09-25 15:12:57.364] [info]  Failed to compare remote branches No active backend project
[2023-09-25 15:13:57.364] [info]  Failed to compare remote branches No active backend project
[2023-09-25 15:14:57.364] [info]  Failed to compare remote branches No active backend project
[2023-09-25 15:15:57.372] [info]  Failed to compare remote branches No active backend project
[2023-09-25 15:16:57.363] [info]  Failed to compare remote branches No active backend project
[2023-09-25 15:17:57.368] [info]  Failed to compare remote branches No active backend project
[2023-09-25 15:18:57.366] [info]  Failed to compare remote branches No active backend project
[2023-09-25 15:19:57.365] [info]  Failed to compare remote branches No active backend project
[2023-09-25 15:20:57.364] [info]  Failed to compare remote branches No active backend project
[2023-09-25 15:21:57.365] [info]  Failed to compare remote branches No active backend project
[2023-09-25 15:22:57.363] [info]  Failed to compare remote branches No active backend project
[2023-09-25 15:23:57.364] [info]  Failed to compare remote branches No active backend project
[2023-09-25 15:24:57.364] [info]  Failed to compare remote branches No active backend project
[2023-09-25 15:25:57.363] [info]  Failed to compare remote branches No active backend project
[2023-09-25 15:26:57.365] [info]  Failed to compare remote branches No active backend project
[2023-09-25 15:27:57.371] [info]  Failed to compare remote branches No active backend project
[2023-09-25 15:28:57.364] [info]  Failed to compare remote branches No active backend project
[2023-09-25 15:29:57.367] [info]  Failed to compare remote branches No active backend project
[2023-09-25 15:30:57.367] [info]  Failed to compare remote branches No active backend project
[2023-09-25 15:31:57.363] [info]  Failed to compare remote branches No active backend project
[2023-09-25 15:32:57.367] [info]  Failed to compare remote branches No active backend project
[2023-09-25 15:33:57.374] [info]  Failed to compare remote branches No active backend project
[2023-09-25 15:34:57.372] [info]  Failed to compare remote branches No active backend project
[2023-09-25 15:35:57.374] [info]  Failed to compare remote branches No active backend project
[2023-09-25 15:36:57.366] [info]  Failed to compare remote branches No active backend project
[2023-09-25 15:37:57.374] [info]  Failed to compare remote branches No active backend project
[2023-09-25 15:38:57.368] [info]  Failed to compare remote branches No active backend project
[2023-09-25 15:39:57.373] [info]  Failed to compare remote branches No active backend project
[2023-09-25 15:40:57.373] [info]  Failed to compare remote branches No active backend project
[2023-09-25 15:41:57.373] [info]  Failed to compare remote branches No active backend project
[2023-09-25 15:42:57.375] [info]  Failed to compare remote branches No active backend project
[2023-09-25 15:43:57.365] [info]  Failed to compare remote branches No active backend project
[2023-09-25 15:44:57.373] [info]  Failed to compare remote branches No active backend project
[2023-09-25 15:45:57.373] [info]  Failed to compare remote branches No active backend project
[2023-09-25 15:46:57.375] [info]  Failed to compare remote branches No active backend project
[2023-09-25 15:47:57.373] [info]  Failed to compare remote branches No active backend project
[2023-09-25 15:48:57.372] [info]  Failed to compare remote branches No active backend project
[2023-09-25 15:49:57.373] [info]  Failed to compare remote branches No active backend project
[2023-09-25 15:50:57.375] [info]  Failed to compare remote branches No active backend project
[2023-09-25 15:51:57.376] [info]  Failed to compare remote branches No active backend project
[2023-09-25 15:52:57.371] [info]  Failed to compare remote branches No active backend project
[2023-09-25 15:53:57.375] [info]  Failed to compare remote branches No active backend project
[2023-09-25 15:54:57.364] [info]  Failed to compare remote branches No active backend project
[2023-09-25 15:55:57.374] [info]  Failed to compare remote branches No active backend project
[2023-09-25 15:56:57.374] [info]  Failed to compare remote branches No active backend project
[2023-09-25 15:57:57.373] [info]  Failed to compare remote branches No active backend project
[2023-09-25 15:58:57.375] [info]  Failed to compare remote branches No active backend project
[2023-09-25 15:59:57.374] [info]  Failed to compare remote branches No active backend project
[2023-09-25 16:00:57.373] [info]  Failed to compare remote branches No active backend project
[2023-09-25 16:01:57.369] [info]  Failed to compare remote branches No active backend project
[2023-09-25 16:02:57.374] [info]  Failed to compare remote branches No active backend project
[2023-09-25 16:03:57.373] [info]  Failed to compare remote branches No active backend project
[2023-09-25 16:04:57.374] [info]  Failed to compare remote branches No active backend project
[2023-09-25 16:05:57.369] [info]  Failed to compare remote branches No active backend project
[2023-09-25 16:06:57.370] [info]  Failed to compare remote branches No active backend project
[2023-09-25 16:07:57.375] [info]  Failed to compare remote branches No active backend project
[2023-09-25 16:08:57.374] [info]  Failed to compare remote branches No active backend project
[2023-09-25 16:09:57.365] [info]  Failed to compare remote branches No active backend project
[2023-09-25 16:10:57.374] [info]  Failed to compare remote branches No active backend project
[2023-09-25 16:11:57.373] [info]  Failed to compare remote branches No active backend project
[2023-09-25 16:12:57.375] [info]  Failed to compare remote branches No active backend project
[2023-09-25 16:13:57.376] [info]  Failed to compare remote branches No active backend project
[2023-09-25 16:14:57.372] [info]  Failed to compare remote branches No active backend project
[2023-09-25 16:15:57.374] [info]  Failed to compare remote branches No active backend project
[2023-09-25 16:16:57.372] [info]  Failed to compare remote branches No active backend project
[2023-09-25 16:17:57.367] [info]  Failed to compare remote branches No active backend project
[2023-09-25 16:18:57.364] [info]  Failed to compare remote branches No active backend project
[2023-09-25 16:19:57.364] [info]  Failed to compare remote branches No active backend project
[2023-09-25 16:20:57.367] [info]  Failed to compare remote branches No active backend project
[2023-09-25 16:21:57.363] [info]  Failed to compare remote branches No active backend project
[2023-09-25 16:22:57.365] [info]  Failed to compare remote branches No active backend project
[2023-09-25 16:23:57.372] [info]  Failed to compare remote branches No active backend project
[2023-09-25 16:24:57.364] [info]  Failed to compare remote branches No active backend project
[2023-09-25 16:25:57.364] [info]  Failed to compare remote branches No active backend project
[2023-09-25 16:26:57.373] [info]  Failed to compare remote branches No active backend project
[2023-09-25 16:27:57.373] [info]  Failed to compare remote branches No active backend project
[2023-09-25 16:28:57.368] [info]  Failed to compare remote branches No active backend project
[2023-09-25 16:29:57.372] [info]  Failed to compare remote branches No active backend project
[2023-09-25 16:30:57.366] [info]  Failed to compare remote branches No active backend project
[2023-09-25 16:31:57.365] [info]  Failed to compare remote branches No active backend project
[2023-09-25 16:32:57.365] [info]  Failed to compare remote branches No active backend project
[2023-09-25 16:33:57.365] [info]  Failed to compare remote branches No active backend project
[2023-09-25 16:34:57.364] [info]  Failed to compare remote branches No active backend project
[2023-09-25 16:35:57.372] [info]  Failed to compare remote branches No active backend project
[2023-09-25 16:36:57.373] [info]  Failed to compare remote branches No active backend project
[2023-09-25 16:37:57.364] [info]  Failed to compare remote branches No active backend project
[2023-09-25 16:38:57.369] [info]  Failed to compare remote branches No active backend project
[2023-09-25 16:39:57.374] [info]  Failed to compare remote branches No active backend project
[2023-09-25 16:40:57.366] [info]  Failed to compare remote branches No active backend project
[2023-09-25 16:41:57.365] [info]  Failed to compare remote branches No active backend project
[2023-09-25 16:42:57.365] [info]  Failed to compare remote branches No active backend project
[2023-09-25 16:43:57.368] [info]  Failed to compare remote branches No active backend project
[2023-09-25 16:44:57.365] [info]  Failed to compare remote branches No active backend project
[2023-09-25 16:45:57.365] [info]  Failed to compare remote branches No active backend project
[2023-09-25 16:46:57.368] [info]  Failed to compare remote branches No active backend project
[2023-09-25 16:47:57.372] [info]  Failed to compare remote branches No active backend project
[2023-09-25 16:48:57.367] [info]  Failed to compare remote branches No active backend project
[2023-09-25 16:49:57.364] [info]  Failed to compare remote branches No active backend project
[2023-09-25 16:50:57.368] [info]  Failed to compare remote branches No active backend project
[2023-09-25 16:51:57.371] [info]  Failed to compare remote branches No active backend project
[2023-09-25 16:52:57.373] [info]  Failed to compare remote branches No active backend project
[2023-09-25 16:53:57.374] [info]  Failed to compare remote branches No active backend project
[2023-09-25 16:54:57.373] [info]  Failed to compare remote branches No active backend project
[2023-09-25 16:55:57.374] [info]  Failed to compare remote branches No active backend project
[2023-09-25 16:56:57.375] [info]  Failed to compare remote branches No active backend project
[2023-09-25 16:57:57.368] [info]  Failed to compare remote branches No active backend project
[2023-09-25 16:58:57.391] [info]  Failed to compare remote branches No active backend project
[2023-09-25 16:59:57.391] [info]  Failed to compare remote branches No active backend project
[2023-09-25 17:00:57.368] [info]  Failed to compare remote branches No active backend project
[2023-09-25 17:01:57.368] [info]  Failed to compare remote branches No active backend project
[2023-09-25 17:02:57.390] [info]  Failed to compare remote branches No active backend project
[2023-09-25 17:03:57.391] [info]  Failed to compare remote branches No active backend project
[2023-09-25 17:04:57.398] [info]  Failed to compare remote branches No active backend project
[2023-09-25 17:05:57.367] [info]  Failed to compare remote branches No active backend project
[2023-09-25 17:06:57.366] [info]  Failed to compare remote branches No active backend project
[2023-09-25 17:07:57.364] [info]  Failed to compare remote branches No active backend project
[2023-09-25 17:08:57.364] [info]  Failed to compare remote branches No active backend project
[2023-09-25 17:09:57.366] [info]  Failed to compare remote branches No active backend project
[2023-09-25 17:10:57.372] [info]  Failed to compare remote branches No active backend project
[2023-09-25 17:11:57.374] [info]  Failed to compare remote branches No active backend project
[2023-09-25 17:12:57.373] [info]  Failed to compare remote branches No active backend project
[2023-09-25 17:13:57.373] [info]  Failed to compare remote branches No active backend project
[2023-09-25 17:14:57.372] [info]  Failed to compare remote branches No active backend project
[2023-09-25 17:15:57.373] [info]  Failed to compare remote branches No active backend project
[2023-09-25 17:16:57.373] [info]  Failed to compare remote branches No active backend project
[2023-09-25 17:17:57.372] [info]  Failed to compare remote branches No active backend project
[2023-09-25 17:18:57.373] [info]  Failed to compare remote branches No active backend project
[2023-09-25 17:19:57.375] [info]  Failed to compare remote branches No active backend project
[2023-09-25 17:20:57.374] [info]  Failed to compare remote branches No active backend project
[2023-09-25 17:21:57.374] [info]  Failed to compare remote branches No active backend project
[2023-09-25 17:22:57.373] [info]  Failed to compare remote branches No active backend project
[2023-09-25 17:23:57.373] [info]  Failed to compare remote branches No active backend project
[2023-09-25 17:24:57.375] [info]  Failed to compare remote branches No active backend project
[2023-09-25 17:25:57.374] [info]  Failed to compare remote branches No active backend project
[2023-09-25 17:26:57.374] [info]  Failed to compare remote branches No active backend project
[2023-09-25 17:27:57.376] [info]  Failed to compare remote branches No active backend project
[2023-09-25 17:28:57.371] [info]  Failed to compare remote branches No active backend project
[2023-09-25 17:29:57.374] [info]  Failed to compare remote branches No active backend project
[2023-09-25 17:30:57.375] [info]  Failed to compare remote branches No active backend project
[2023-09-25 17:31:57.376] [info]  Failed to compare remote branches No active backend project
[2023-09-25 17:32:57.376] [info]  Failed to compare remote branches No active backend project
[2023-09-25 17:33:57.368] [info]  Failed to compare remote branches No active backend project
[2023-09-25 17:34:57.374] [info]  Failed to compare remote branches No active backend project
[2023-09-25 17:35:57.374] [info]  Failed to compare remote branches No active backend project
[2023-09-25 17:36:57.374] [info]  Failed to compare remote branches No active backend project
[2023-09-25 17:37:57.375] [info]  Failed to compare remote branches No active backend project
[2023-09-25 17:38:57.374] [info]  Failed to compare remote branches No active backend project
[2023-09-25 17:39:57.374] [info]  Failed to compare remote branches No active backend project
[2023-09-25 17:40:57.374] [info]  Failed to compare remote branches No active backend project
[2023-09-25 17:41:57.374] [info]  Failed to compare remote branches No active backend project
[2023-09-25 17:42:57.376] [info]  Failed to compare remote branches No active backend project
[2023-09-25 17:43:57.373] [info]  Failed to compare remote branches No active backend project
[2023-09-25 17:44:57.375] [info]  Failed to compare remote branches No active backend project
[2023-09-25 17:45:57.375] [info]  Failed to compare remote branches No active backend project
[2023-09-25 17:46:57.370] [info]  Failed to compare remote branches No active backend project
[2023-09-25 17:47:57.379] [info]  Failed to compare remote branches No active backend project
[2023-09-25 17:48:57.373] [info]  Failed to compare remote branches No active backend project
[2023-09-25 17:49:57.375] [info]  Failed to compare remote branches No active backend project
[2023-09-25 17:50:57.374] [info]  Failed to compare remote branches No active backend project
[2023-09-25 17:51:57.375] [info]  Failed to compare remote branches No active backend project
[2023-09-25 17:52:57.374] [info]  Failed to compare remote branches No active backend project
[2023-09-25 17:53:57.374] [info]  Failed to compare remote branches No active backend project
