2023-10-05 16:53:34.692 [info] Getting Manifest... enkia.tokyo-night
2023-10-05 16:53:34.710 [info] Getting Manifest... equinusocio.vsc-material-theme-icons
2023-10-05 16:53:34.712 [info] Getting Manifest... ms-python.vscode-pylance
2023-10-05 16:53:34.713 [info] Getting Manifest... ms-vscode-remote.remote-containers
2023-10-05 16:53:34.715 [info] Getting Manifest... ms-vscode.vscode-typescript-next
2023-10-05 16:53:34.718 [info] Getting Manifest... rangav.vscode-thunder-client
2023-10-05 16:53:34.719 [info] Getting Manifest... shd101wyy.markdown-preview-enhanced
2023-10-05 16:53:34.761 [info] Installing extension: enkia.tokyo-night
2023-10-05 16:53:34.788 [info] Installing extension: ms-python.vscode-pylance
2023-10-05 16:53:34.789 [info] Installing extension: ms-vscode.vscode-typescript-next
2023-10-05 16:53:34.794 [info] Installing extension: equinusocio.vsc-material-theme-icons
2023-10-05 16:53:34.794 [info] Installing extension: rangav.vscode-thunder-client
2023-10-05 16:53:34.796 [info] Installing extension: shd101wyy.markdown-preview-enhanced
2023-10-05 16:53:37.257 [info] Getting Manifest... ms-python.python
2023-10-05 16:53:38.073 [warning] Extension signature verification failed with error 'UnknownError': enkia.tokyo-night
2023-10-05 16:53:38.105 [info] Extracted extension to file:///home/scrviyy/.vscode/extensions/enkia.tokyo-night-1.0.4: enkia.tokyo-night
2023-10-05 16:53:38.108 [info] Renamed to /home/scrviyy/.vscode/extensions/enkia.tokyo-night-1.0.4
2023-10-05 16:53:38.109 [info] Extracting extension completed. enkia.tokyo-night
2023-10-05 16:53:38.121 [info] Extension installed successfully: enkia.tokyo-night
2023-10-05 16:53:38.124 [info] Marked extension as uninstalled enkia.tokyo-night-1.0.2
2023-10-05 16:53:38.636 [warning] Extension signature verification failed with error 'UnknownError': rangav.vscode-thunder-client
2023-10-05 16:53:38.693 [info] Extracted extension to file:///home/scrviyy/.vscode/extensions/rangav.vscode-thunder-client-2.12.7: rangav.vscode-thunder-client
2023-10-05 16:53:38.696 [info] Renamed to /home/scrviyy/.vscode/extensions/rangav.vscode-thunder-client-2.12.7
2023-10-05 16:53:38.697 [info] Extracting extension completed. rangav.vscode-thunder-client
2023-10-05 16:53:38.704 [info] Extension installed successfully: rangav.vscode-thunder-client
2023-10-05 16:53:38.706 [info] Marked extension as uninstalled rangav.vscode-thunder-client-2.12.6
2023-10-05 16:53:38.861 [warning] Extension signature verification failed with error 'UnknownError': ms-vscode.vscode-typescript-next
2023-10-05 16:53:38.919 [warning] Extension signature verification failed with error 'UnknownError': equinusocio.vsc-material-theme-icons
2023-10-05 16:53:39.314 [info] Extracted extension to file:///home/scrviyy/.vscode/extensions/ms-vscode.vscode-typescript-next-5.3.20231004: ms-vscode.vscode-typescript-next
2023-10-05 16:53:39.317 [info] Renamed to /home/scrviyy/.vscode/extensions/ms-vscode.vscode-typescript-next-5.3.20231004
2023-10-05 16:53:39.319 [info] Extracting extension completed. ms-vscode.vscode-typescript-next
2023-10-05 16:53:39.326 [info] Extension installed successfully: ms-vscode.vscode-typescript-next
2023-10-05 16:53:39.330 [info] Marked extension as uninstalled ms-vscode.vscode-typescript-next-5.3.20231002
2023-10-05 16:53:39.771 [warning] Extension signature verification failed with error 'UnknownError': shd101wyy.markdown-preview-enhanced
2023-10-05 16:53:39.952 [info] Installing extension: ms-vscode-remote.remote-containers
2023-10-05 16:53:40.146 [warning] Extension signature verification failed with error 'UnknownError': ms-python.vscode-pylance
2023-10-05 16:53:40.416 [info] Extracted extension to file:///home/scrviyy/.vscode/extensions/shd101wyy.markdown-preview-enhanced-0.8.0: shd101wyy.markdown-preview-enhanced
2023-10-05 16:53:40.424 [info] Renamed to /home/scrviyy/.vscode/extensions/shd101wyy.markdown-preview-enhanced-0.8.0
2023-10-05 16:53:40.427 [info] Extracting extension completed. shd101wyy.markdown-preview-enhanced
2023-10-05 16:53:40.438 [info] Extension installed successfully: shd101wyy.markdown-preview-enhanced
2023-10-05 16:53:40.443 [info] Marked extension as uninstalled shd101wyy.markdown-preview-enhanced-0.7.10
2023-10-05 16:53:40.644 [warning] Extension signature verification failed with error 'UnknownError': ms-vscode-remote.remote-containers
2023-10-05 16:53:40.915 [info] Extracted extension to file:///home/scrviyy/.vscode/extensions/ms-vscode-remote.remote-containers-0.315.1: ms-vscode-remote.remote-containers
2023-10-05 16:53:40.923 [info] Renamed to /home/scrviyy/.vscode/extensions/ms-vscode-remote.remote-containers-0.315.1
2023-10-05 16:53:40.926 [info] Extracting extension completed. ms-vscode-remote.remote-containers
2023-10-05 16:53:40.937 [info] Extension installed successfully: ms-vscode-remote.remote-containers
2023-10-05 16:53:40.942 [info] Marked extension as uninstalled ms-vscode-remote.remote-containers-0.309.0
2023-10-05 16:53:41.767 [info] Extracted extension to file:///home/scrviyy/.vscode/extensions/equinusocio.vsc-material-theme-icons-3.1.0: equinusocio.vsc-material-theme-icons
2023-10-05 16:53:41.776 [info] Renamed to /home/scrviyy/.vscode/extensions/equinusocio.vsc-material-theme-icons-3.1.0
2023-10-05 16:53:41.777 [info] Extracting extension completed. equinusocio.vsc-material-theme-icons
2023-10-05 16:53:41.784 [info] Extension installed successfully: equinusocio.vsc-material-theme-icons
2023-10-05 16:53:41.787 [info] Marked extension as uninstalled equinusocio.vsc-material-theme-icons-3.0.4
2023-10-05 16:53:42.880 [info] Extracted extension to file:///home/scrviyy/.vscode/extensions/ms-python.vscode-pylance-2023.10.10: ms-python.vscode-pylance
2023-10-05 16:53:42.893 [info] Renamed to /home/scrviyy/.vscode/extensions/ms-python.vscode-pylance-2023.10.10
2023-10-05 16:53:42.894 [info] Extracting extension completed. ms-python.vscode-pylance
2023-10-05 16:53:42.901 [info] Extension installed successfully: ms-python.vscode-pylance
2023-10-05 16:53:42.904 [info] Marked extension as uninstalled ms-python.vscode-pylance-2023.9.30
