2023-10-03 14:31:35.781 [info] Log level: Info
2023-10-03 14:31:35.782 [info] Validating found git in: "git"
2023-10-03 14:31:35.782 [info] Using git "2.42.0" from "git"
2023-10-03 14:31:35.782 [info] > git rev-parse --show-toplevel [5ms]
2023-10-03 14:31:35.782 [info] > git rev-parse --git-dir --git-common-dir [1ms]
2023-10-03 14:31:35.782 [info] Open repository: /home/scrviyy/Trabalho/XPay/xpaycheckout-app
2023-10-03 14:31:35.782 [info] > git rev-parse --show-toplevel [9ms]
2023-10-03 14:31:35.782 [info] > git config --get commit.template [16ms]
2023-10-03 14:31:35.782 [info] > git for-each-ref --format=%(refname)%00%(upstream:short)%00%(objectname)%00%(upstream:track)%00%(upstream:remotename)%00%(upstream:remoteref) refs/heads/dev refs/remotes/dev [2ms]
2023-10-03 14:31:35.782 [info] > git rev-parse --show-toplevel [16ms]
2023-10-03 14:31:35.782 [info] > git status -z -uall [9ms]
2023-10-03 14:31:35.794 [info] > git rev-parse --show-toplevel [13ms]
2023-10-03 14:31:35.801 [info] > git config --get commit.template [7ms]
2023-10-03 14:31:35.802 [info] > git rev-parse --show-toplevel [2ms]
2023-10-03 14:31:35.823 [info] > git rev-parse --show-toplevel [10ms]
2023-10-03 14:31:35.824 [info] > git for-each-ref --format=%(refname)%00%(upstream:short)%00%(objectname)%00%(upstream:track)%00%(upstream:remotename)%00%(upstream:remoteref) refs/heads/dev refs/remotes/dev [16ms]
2023-10-03 14:31:35.834 [info] > git status -z -uall [6ms]
2023-10-03 14:31:35.839 [info] > git rev-parse --show-toplevel [5ms]
2023-10-03 14:31:35.846 [info] > git rev-parse --show-toplevel [2ms]
2023-10-03 14:31:35.856 [info] > git rev-parse --show-toplevel [4ms]
2023-10-03 14:31:35.875 [info] > git rev-parse --show-toplevel [11ms]
2023-10-03 14:31:36.409 [info] > git check-ignore -v -z --stdin [2ms]
2023-10-03 14:31:36.844 [info] > git fetch [1121ms]
2023-10-03 14:31:36.844 [info] Missing or invalid credentials.
Skip silent fetch commands
git@github.com: Permission denied (publickey).
fatal: Could not read from remote repository.

Please make sure you have the correct access rights
and the repository exists.
2023-10-03 14:31:36.871 [info] > git config --get commit.template [2ms]
2023-10-03 14:31:36.884 [info] > git for-each-ref --format=%(refname)%00%(upstream:short)%00%(objectname)%00%(upstream:track)%00%(upstream:remotename)%00%(upstream:remoteref) refs/heads/dev refs/remotes/dev [1ms]
2023-10-03 14:31:36.894 [info] > git status -z -uall [3ms]
2023-10-03 14:31:39.618 [info] > git check-ignore -v -z --stdin [1ms]
2023-10-03 14:31:44.316 [info] > git check-ignore -v -z --stdin [1ms]
2023-10-03 14:31:50.955 [info] > git show --textconv :pages/auth/register.tsx [13ms]
2023-10-03 14:31:50.958 [info] > git ls-files --stage -- /home/scrviyy/Trabalho/XPay/xpaycheckout-app/pages/auth/register.tsx [3ms]
2023-10-03 14:31:50.974 [info] > git cat-file -s 115333f78261065319a13dab0bb0f52abc039f80 [1ms]
2023-10-03 14:33:23.494 [info] > git config --get commit.template [2ms]
2023-10-03 14:33:23.506 [info] > git for-each-ref --format=%(refname)%00%(upstream:short)%00%(objectname)%00%(upstream:track)%00%(upstream:remotename)%00%(upstream:remoteref) refs/heads/dev refs/remotes/dev [2ms]
2023-10-03 14:33:23.521 [info] > git status -z -uall [4ms]
2023-10-03 14:36:28.603 [info] > git config --get commit.template [1ms]
2023-10-03 14:36:28.612 [info] > git for-each-ref --format=%(refname)%00%(upstream:short)%00%(objectname)%00%(upstream:track)%00%(upstream:remotename)%00%(upstream:remoteref) refs/heads/dev refs/remotes/dev [1ms]
2023-10-03 14:36:28.620 [info] > git status -z -uall [1ms]
2023-10-03 14:36:29.530 [info] > git fetch [935ms]
2023-10-03 14:36:29.530 [info] Missing or invalid credentials.
Skip silent fetch commands
git@github.com: Permission denied (publickey).
fatal: Could not read from remote repository.

Please make sure you have the correct access rights
and the repository exists.
2023-10-03 14:36:29.543 [info] > git config --get commit.template [7ms]
2023-10-03 14:36:29.543 [info] > git for-each-ref --format=%(refname)%00%(upstream:short)%00%(objectname)%00%(upstream:track)%00%(upstream:remotename)%00%(upstream:remoteref) refs/heads/dev refs/remotes/dev [1ms]
2023-10-03 14:36:29.551 [info] > git status -z -uall [1ms]
2023-10-03 14:36:29.793 [info] > git ls-files --stage -- /home/scrviyy/Trabalho/XPay/xpaycheckout-app/pages/auth/register.tsx [1ms]
2023-10-03 14:36:29.807 [info] > git cat-file -s 115333f78261065319a13dab0bb0f52abc039f80 [2ms]
2023-10-03 14:36:29.821 [info] > git show --textconv :pages/auth/register.tsx [2ms]
2023-10-03 14:36:44.592 [info] > git config --get commit.template [1ms]
2023-10-03 14:36:44.600 [info] > git for-each-ref --format=%(refname)%00%(upstream:short)%00%(objectname)%00%(upstream:track)%00%(upstream:remotename)%00%(upstream:remoteref) refs/heads/dev refs/remotes/dev [1ms]
2023-10-03 14:36:44.609 [info] > git status -z -uall [2ms]
2023-10-03 14:43:49.494 [info] > git config --get commit.template [2ms]
2023-10-03 14:43:49.503 [info] > git for-each-ref --format=%(refname)%00%(upstream:short)%00%(objectname)%00%(upstream:track)%00%(upstream:remotename)%00%(upstream:remoteref) refs/heads/dev refs/remotes/dev [1ms]
2023-10-03 14:43:49.512 [info] > git status -z -uall [2ms]
2023-10-03 14:43:50.456 [info] > git fetch [974ms]
2023-10-03 14:43:50.456 [info] Missing or invalid credentials.
Skip silent fetch commands
git@github.com: Permission denied (publickey).
fatal: Could not read from remote repository.

Please make sure you have the correct access rights
and the repository exists.
2023-10-03 14:43:50.469 [info] > git config --get commit.template [7ms]
2023-10-03 14:43:50.469 [info] > git for-each-ref --format=%(refname)%00%(upstream:short)%00%(objectname)%00%(upstream:track)%00%(upstream:remotename)%00%(upstream:remoteref) refs/heads/dev refs/remotes/dev [1ms]
2023-10-03 14:43:50.479 [info] > git status -z -uall [2ms]
2023-10-03 14:43:50.683 [info] > git ls-files --stage -- /home/scrviyy/Trabalho/XPay/xpaycheckout-app/pages/auth/register.tsx [1ms]
2023-10-03 14:43:50.690 [info] > git cat-file -s 115333f78261065319a13dab0bb0f52abc039f80 [0ms]
2023-10-03 14:43:50.700 [info] > git show --textconv :pages/auth/register.tsx [1ms]
