2023-10-13 12:04:40.140 [info] Added views:workbench.panel.markers.view in workbench.panel.markers
2023-10-13 12:04:40.140 [info] Added views:workbench.panel.output in workbench.panel.output
2023-10-13 12:04:40.140 [info] Added views:terminal in terminal
2023-10-13 12:04:40.140 [info] Added views:outline in workbench.view.explorer
2023-10-13 12:04:40.140 [info] Added views:workbench.scm in workbench.view.scm
2023-10-13 12:04:40.140 [info] Added views:workbench.view.search in workbench.view.search
2023-10-13 12:04:40.140 [info] Added views:timeline in workbench.view.explorer
2023-10-13 12:04:40.140 [info] Added views:workbench.explorer.fileView in workbench.view.explorer
2023-10-13 12:04:40.924 [info] Added views:gitlens.views.home,gitlens.views.workspaces,gitlens.views.account in workbench.view.extension.gitlens
2023-10-13 12:04:40.924 [info] Added views:gitlens.views.commitDetails,gitlens.views.lineHistory,gitlens.views.fileHistory,gitlens.views.searchAndCompare in workbench.view.extension.gitlensInspect
2023-10-13 12:04:40.925 [info] Added views:gitlens.views.commits,gitlens.views.branches,gitlens.views.remotes,gitlens.views.stashes,gitlens.views.tags in workbench.view.scm
2023-10-13 12:04:40.926 [info] Added views:dockerContainers,dockerImages,dockerRegistries,dockerNetworks,dockerVolumes,vscode-docker.views.dockerContexts,vscode-docker.views.help in workbench.view.extension.dockerView
2023-10-13 12:04:40.926 [info] Added views:targetsContainers,devVolumes in workbench.view.remote
2023-10-13 12:04:40.996 [info] Added views:workbench.debug.variablesView,workbench.debug.watchExpressionsView,workbench.debug.callStackView,workbench.debug.breakPointsView in workbench.view.debug
2023-10-13 12:04:41.137 [info] Added views:workbench.panel.repl.view in workbench.panel.repl
2023-10-13 12:04:41.138 [info] Removed views:workbench.debug.breakPointsView,workbench.debug.callStackView,workbench.debug.watchExpressionsView,workbench.debug.variablesView from workbench.view.debug
2023-10-13 12:04:41.140 [info] Added views:workbench.debug.welcome in workbench.view.debug
2023-10-13 12:04:41.609 [info] Added views:~remote.forwardedPorts in ~remote.forwardedPortsContainer
2023-10-13 12:04:42.113 [info] Removed views:gitlens.views.workspaces from workbench.view.extension.gitlens
2023-10-13 12:04:42.119 [info] Removed views:gitlens.views.searchAndCompare,gitlens.views.fileHistory,gitlens.views.lineHistory,gitlens.views.commitDetails from workbench.view.extension.gitlensInspect
2023-10-13 12:04:42.122 [info] Removed views:gitlens.views.tags,gitlens.views.stashes,gitlens.views.remotes,gitlens.views.branches,gitlens.views.commits from workbench.view.scm
2023-10-13 12:04:44.493 [info] Added views:gitlens.views.workspaces in workbench.view.extension.gitlens
2023-10-13 12:04:44.506 [info] Added views:gitlens.views.graph,gitlens.views.graphDetails in workbench.view.extension.gitlensPanel
2023-10-13 12:04:44.509 [info] Added views:gitlens.views.commitDetails,gitlens.views.lineHistory,gitlens.views.fileHistory,gitlens.views.timeline,gitlens.views.searchAndCompare in workbench.view.extension.gitlensInspect
2023-10-13 12:04:44.510 [info] Added views:gitlens.views.commits,gitlens.views.branches,gitlens.views.remotes,gitlens.views.stashes,gitlens.views.tags,gitlens.views.worktrees in workbench.view.scm
2023-10-13 12:04:44.681 [info] Added views:thunder-client-sidebar in workbench.view.extension.thunder-client
2023-10-13 12:04:45.280 [info] Added views:petsView in workbench.view.explorer
