[52569][1694698643175][main][info]["Booting Postman 10.17.4, linux-6.4.12-arch1-1 on x64"]
[52569][1694698643177][main][info]["EventBus~initialize - Success"]
[52569][1694698643179][main][info]["Proxy configuration has not been setup"]
[52569][1694698643179][main][info]["CloudProxyManager~init - Success"]
[52569][1694698643183][main][info]["performShellDataMigration: Starting shell data migration"]
[52569][1694698643183][main][info]["migrateShellData:Starting"]
[52569][1694698643198][main][info]["migrateShellData: Old storage cleaned up"]
[52569][1694698643343][main][info]["migrateShellData: Got data from shell. Writing to storage"]
[52569][1694698643347][main][info]["performShellDataMigration: Migration successful on try count 1"]
[52569][1694698643354][main][info]["UpdateHandler~init - Success"]
[52569][1694698643357][main][info]["LeaderSelection: Initialized successfully"]
[52569][1694698643357][main][info]["VersionDependencyService: Initialized successfully"]
[52569][1694698643365][main][info]["Generated root certificate for linux"]
[52569][1694698643368][main][info]["LinuxAutoUpdater~Cleanup - Initial cleanup successful"]
[52569][1694698643381][main][info]["GPU detected VID 32902 DID 35414 ACTIVE true"]
[52569][1694698643397][main][info]["shellController~init: Success"]
[52569][1694698643404][main][info]["shellMeta~init: Success"]
[52569][1694698643404][main][info]["partitionMigrationService: State of V7 partition:"]
[52569][1694698643405][main][info]["partitionMigrationService: V7 partitions",[]]
[52569][1694698643405][main][info]["partitionMigrationService~rectifyNamespaceOfScratchPadPartition: There is no partition with scratchpad namespace"]
[52569][1694698643405][main][info]["partitionMigrationService~rectifyNamespaceOfScratchPadPartition: There is no transit partition which could have been used for scratchpad"]
[52569][1694698643405][main][info]["partitionMigrationService~init: Success"]
[52569][1694698643410][main][info]["partitionMigrationService~runV8PartitionsIntegrity: Two way migration~ removing the following partitions from v8",[]]
[52569][1694698643415][main][info]["userPartitionService~_rectifyTheActivePartitionOfApplication: Setting the active partition to ",null]
[52569][1694698643421][main][info]["userPartitionService~init: Success"]
[52569][1694698643443][main][info]["userPartitionService: State of v8 partition system:"]
[52569][1694698643446][main][info]["shell~init~getPartitionToLoad: loading scratchpad partition"]
[52569][1694698643454][main][info]["userPartitionService: List of partitions:",[]]
[52569][1694698643454][main][info]["userPartitionService: users global meta:",{}]
[52569][1694698645204][main][info]["RuntimeIPCAgent~started: Success"]
[52569][1694698645592][main][info]["UpdateHandler~app-update-events - Received event",{"name":"checkForElectronVersionUpdated","namespace":"appUpdate"}]
[52569][1694698645600][main][info]["windowManager: First requester booted successfully."]
[52569][1694698645600][main][info]["windowManager~restoreWindows: Restoring requester windows"]
[52569][1694698645600][main][info]["Main~AppEvents - Received booted event for process requester.Version undefined UI Version: undefined Desktop Platform Version: 10.17.4"]
[52569][1694698647714][main][info]["VersionDependencyService: Resetting UI version as user logged out/switched account"]
[52569][1694698647714][main][info]["Main - model-events~user - (users, add) received"]
[52569][1694698648083][main][warn]["AuthHandler~open: Current app is not default protocol client - Falling back to polling mechanism."]
[52569][1694698679885][main][info]["Shell~init~loginUser: associating the user ","29739750"," with transit partition"]
[52569][1694698679885][main][info]["userPartitionService~getNewPartitionId: creating a partition with userId and teamId as 0"]
[52569][1694698679905][main][info]["userPartitionService~associateTransitPartition: ",{"partitionId":"889a551a-007e-4e2f-b963-1e5d22d96a45","context":{"namespace":"users","userId":"29739750","teamId":"0"}}]
[52569][1694698679920][main][info]["userPartitionService: State of v8 partition system:"]
[52569][1694698679924][main][info]["userPartitionService: List of partitions:",[{"partitionId":"889a551a-007e-4e2f-b963-1e5d22d96a45","namespace":"users","userId":"29739750","teamId":"0","lastUpdated":"2023-09-14T13:37:59.905Z"},{"partitionId":"fb62a48d-ef44-49b3-ac8c-0a20406c2482","namespace":"scratchPad","userId":0,"teamId":0,"isDirty":false}]]
[52569][1694698679924][main][info]["userPartitionService: users global meta:",{}]
[52569][1694698683839][main][info]["Main~getRemoteInitPath:: "]
[52569][1694698684109][main][info]["Main - model-events~user - (user, update) received"]
[52569][1694698684110][main][info]["Main~reload: https://desktop.postman.com/?desktopVersion=10.17.4&userId=29739750&teamId=0"]
[52569][1694698684395][main][info]["UpdateHandler~app-update-events - Received event",{"name":"checkForElectronVersionUpdated","namespace":"appUpdate"}]
[52569][1694698684410][main][info]["windowManager: First requester booted successfully."]
[52569][1694698684410][main][info]["windowManager~restoreWindows: Restoring requester windows"]
[52569][1694698684410][main][info]["Main~AppEvents - Received booted event for process requester.Version 10.17.7 UI Version: 10.17.7-ui-230905-0807 Desktop Platform Version: 10.17.4"]
[52569][1694698684491][main][info]["Main~getRemoteInitPath:: "]
[52569][1694698684660][main][info]["INTERCEPTOR CONNECTIVITY: Attempting to start websocket server on port 15611"]
[52569][1694698686767][main][info]["Main~getRemoteInitPath:: "]
[52569][1694698687051][main][info]["Main - model-events~user - (user, update) received"]
[52569][1694698687354][main][info]["UpdateHandler~app-update-events - Received event",{"name":"checkForElectronVersionUpdated","namespace":"appUpdate"}]
[52569][1694698687365][main][info]["Main~AppEvents - Received booted event for process requester.Version 10.17.7 UI Version: 10.17.7-ui-230905-0807 Desktop Platform Version: 10.17.4"]
[52569][1694698687424][main][info]["Main~getRemoteInitPath:: "]
[52569][1694698687946][main][info]["Main~getPlatformLaunchPerfMetrics"]
[52569][1694698687970][main][info]["Main - model-events~user - (user, bootstrapUser) received"]
[52569][1694698687970][main][info]["model-events~user - bootstrapUser received"]
[52569][1694698687986][main][info]["userPartitionService~associateTransitPartition: ",{"partitionId":"889a551a-007e-4e2f-b963-1e5d22d96a45","context":{"namespace":"users","userId":"29739750","teamId":"0"}}]
[52569][1694698688007][main][info]["userPartitionService: State of v8 partition system:"]
[52569][1694698688011][main][info]["userPartitionService: List of partitions:",[{"partitionId":"889a551a-007e-4e2f-b963-1e5d22d96a45","namespace":"users","userId":"29739750","teamId":"0","lastUpdated":"2023-09-14T13:38:07.986Z"},{"partitionId":"fb62a48d-ef44-49b3-ac8c-0a20406c2482","namespace":"scratchPad","userId":0,"teamId":0,"isDirty":false}]]
[52569][1694698688012][main][info]["userPartitionService: users global meta:",{}]
[52569][1694698688034][main][info]["Main - model-events~user - (user, bootstrapUser) received"]
[52569][1694698688034][main][info]["model-events~user - bootstrapUser received"]
[52569][1694698688047][main][info]["userPartitionService~associateTransitPartition: ",{"partitionId":"889a551a-007e-4e2f-b963-1e5d22d96a45","context":{"namespace":"users","userId":"29739750","teamId":"0"}}]
[52569][1694698688062][main][info]["userPartitionService: State of v8 partition system:"]
[52569][1694698688067][main][info]["userPartitionService: List of partitions:",[{"partitionId":"889a551a-007e-4e2f-b963-1e5d22d96a45","namespace":"users","userId":"29739750","teamId":"0","lastUpdated":"2023-09-14T13:38:08.047Z"},{"partitionId":"fb62a48d-ef44-49b3-ac8c-0a20406c2482","namespace":"scratchPad","userId":0,"teamId":0,"isDirty":false}]]
[52569][1694698688067][main][info]["userPartitionService: users global meta:",{}]
[52569][1694698692322][main][info]["WindowManager~closeHandler - Closed Window (id: 4 )"]
[52569][1694698692334][main][error]["Main~handleUncaughtError - Uncaught errors",{"name":"TypeError","message":"Cannot read properties of undefined (reading 'send')","stack":"TypeError: Cannot read properties of undefined (reading 'send')\n    at Object.sendMessageToInterceptor (/opt/postman/app/resources/app/services/websocketServer.js:144:10)\n    at Object.requesterWindowHandler (/opt/postman/app/resources/app/services/websocketServer.js:389:14)\n    at EventEmitter.emit (node:events:402:35)\n    at EventEmitter.emit (node:domain:475:12)\n    at _dispatch (/opt/postman/app/resources/app/common/_event-bus.js:256:14)\n    at EventBus._publish (/opt/postman/app/resources/app/common/_event-bus.js:207:9)\n    at Object.closedHandler (/opt/postman/app/resources/app/services/windowManager.js:1081:18)\n    at BrowserWindow.emit (node:events:390:28)\n    at BrowserWindow.emit (node:domain:475:12)"}]
[53437][1694698696548][main][info]["Booting Postman 10.17.4, linux-6.4.12-arch1-1 on x64"]
[53437][1694698696551][main][info]["EventBus~initialize - Success"]
[53437][1694698696553][main][info]["Proxy configuration has not been setup"]
[53437][1694698696553][main][info]["CloudProxyManager~init - Success"]
[53437][1694698696570][main][info]["performShellDataMigration: Migration has already been done. Bailing out"]
[53437][1694698696578][main][info]["UpdateHandler~init - Success"]
[53437][1694698696579][main][info]["LeaderSelection: Initialized successfully"]
[53437][1694698696580][main][info]["VersionDependencyService: Initialized successfully"]
[53437][1694698696586][main][info]["LinuxAutoUpdater~Cleanup - Initial cleanup successful"]
[53437][1694698696599][main][info]["GPU detected VID 32902 DID 35414 ACTIVE true"]
[53437][1694698696619][main][info]["shellController~init: Success"]
[53437][1694698696624][main][info]["shellMeta~init: Success"]
[53437][1694698696625][main][info]["partitionMigrationService: State of V7 partition:"]
[53437][1694698696625][main][info]["partitionMigrationService: V7 partitions",[]]
[53437][1694698696625][main][info]["partitionMigrationService~rectifyNamespaceOfScratchPadPartition: There is no partition with scratchpad namespace"]
[53437][1694698696625][main][info]["partitionMigrationService~rectifyNamespaceOfScratchPadPartition: There is no transit partition which could have been used for scratchpad"]
[53437][1694698696625][main][info]["partitionMigrationService~init: Success"]
[53437][1694698696634][main][info]["partitionMigrationService~runV8PartitionsIntegrity: Two way migration~ removing the following partitions from v8",[]]
[53437][1694698696638][main][info]["userPartitionService~getRecentV8UserPartition: recent v8 user context partition ","889a551a-007e-4e2f-b963-1e5d22d96a45"]
[53437][1694698696639][main][info]["userPartitionService~_rectifyTheActivePartitionOfApplication: Setting the active partition to ","889a551a-007e-4e2f-b963-1e5d22d96a45"]
[53437][1694698696645][main][info]["userPartitionService~init: Success"]
[53437][1694698696659][main][info]["userPartitionService: State of v8 partition system:"]
[53437][1694698696662][main][info]["shell~init~getPartitionToLoad: loading active partition"]
[53437][1694698696663][main][info]["userPartitionService: List of partitions:",[{"partitionId":"889a551a-007e-4e2f-b963-1e5d22d96a45","namespace":"users","userId":"29739750","teamId":"0","lastUpdated":"2023-09-14T13:38:08.047Z"},{"partitionId":"fb62a48d-ef44-49b3-ac8c-0a20406c2482","namespace":"scratchPad","userId":0,"teamId":0,"isDirty":false}]]
[53437][1694698696663][main][info]["userPartitionService: users global meta:",{}]
[53437][1694698698617][main][info]["RuntimeIPCAgent~started: Success"]
[53437][1694698698784][main][info]["Main~getRemoteInitPath:: "]
[53437][1694698699028][main][info]["UpdateHandler~app-update-events - Received event",{"name":"checkForElectronVersionUpdated","namespace":"appUpdate"}]
[53437][1694698699042][main][info]["windowManager: First requester booted successfully."]
[53437][1694698699042][main][info]["windowManager~restoreWindows: Restoring requester windows"]
[53437][1694698699042][main][info]["Main~AppEvents - Received booted event for process requester.Version 10.17.7 UI Version: 10.17.7-ui-230905-0807 Desktop Platform Version: 10.17.4"]
[53437][1694698699122][main][info]["Main~getRemoteInitPath:: "]
[53437][1694698699597][main][info]["Main~getPlatformLaunchPerfMetrics"]
[53437][1694698700290][main][info]["Main - model-events~user - (user, bootstrapUser) received"]
[53437][1694698700291][main][info]["model-events~user - bootstrapUser received"]
[53437][1694698700303][main][info]["userPartitionService~associateTransitPartition: ",{"partitionId":"889a551a-007e-4e2f-b963-1e5d22d96a45","context":{"namespace":"users","userId":"29739750","teamId":"0"}}]
[53437][1694698700317][main][info]["userPartitionService: State of v8 partition system:"]
[53437][1694698700322][main][info]["userPartitionService: List of partitions:",[{"partitionId":"889a551a-007e-4e2f-b963-1e5d22d96a45","namespace":"users","userId":"29739750","teamId":"0","lastUpdated":"2023-09-14T13:38:20.303Z"},{"partitionId":"fb62a48d-ef44-49b3-ac8c-0a20406c2482","namespace":"scratchPad","userId":0,"teamId":0,"isDirty":false}]]
[53437][1694698700322][main][info]["userPartitionService: users global meta:",{}]
[53437][1694698704363][main][info]["INTERCEPTOR CONNECTIVITY: Attempting to start websocket server on port 15611"]
[53437][1694698709723][main][info]["UpdateHandler~app-update-events - Received event",{"name":"updateElectron","namespace":"appUpdate","data":{"channel":"stable","version":"10.17.4","downloadVersion":"10.18.1","appId":"af7b52d9-60bb-4607-acf0-408e6179eb05","userAgent":"Mozilla/5.0 (X11; Linux x86_64) AppleWebKit/537.36 (KHTML, like Gecko) Postman/10.17.4 Chrome/100.0.4896.160 Electron/18.3.5 Safari/537.36","platform":"LINUX","arch":"64","downloadURL":"https://dl.pstmn.io/download/version/10.18.1/linux_64","updateServerDomain":"https://dl.pstmn.io/","additionalParamsString":"installationId=af7b52d9-60bb-4607-acf0-408e6179eb05&userId=29739750&syncEnabled=true&teamPlan=&teamId=0","userId":"29739750"}}]
[53437][1694698709723][main][info]["LinuxUpdater~downloadUpdate - UpdateInfo received",{"channel":"stable","version":"10.17.4","downloadVersion":"10.18.1","appId":"af7b52d9-60bb-4607-acf0-408e6179eb05","userAgent":"Mozilla/5.0 (X11; Linux x86_64) AppleWebKit/537.36 (KHTML, like Gecko) Postman/10.17.4 Chrome/100.0.4896.160 Electron/18.3.5 Safari/537.36","platform":"LINUX","arch":"64","downloadURL":"https://dl.pstmn.io/download/version/10.18.1/linux_64","updateServerDomain":"https://dl.pstmn.io/","additionalParamsString":"installationId=af7b52d9-60bb-4607-acf0-408e6179eb05&userId=29739750&syncEnabled=true&teamPlan=&teamId=0","userId":"29739750"}]
[53437][1694698710217][main][info]["@postman/app-updater: error",{"errno":-13,"code":"EACCES","syscall":"open","path":"/opt/postman/Postman-1694698709723.tar.gz","name":"Error","message":"EACCES: permission denied, open '/opt/postman/Postman-1694698709723.tar.gz'","stack":"Error: EACCES: permission denied, open '/opt/postman/Postman-1694698709723.tar.gz'"},{"packageName":"Postman","eID":"Postman-1694698709723","downloadURL":"https://dl.pstmn.io/download/version/10.18.1/linux_64","downloadDirectory":"/opt/postman","downloadInfo":{"status":"DOWNLOAD_ERROR","error":{"errno":-13,"code":"EACCES","syscall":"open","path":"/opt/postman/Postman-1694698709723.tar.gz"},"downloadDirectory":"/opt/postman"}}]
[53437][1694698710217][main][info]["UpdateHandler~app-update-events - Received event",{"name":"electronAppUpdateError","namespace":"appUpdate","data":{"error":{"errno":-13,"code":"EACCES","syscall":"open","path":"/opt/postman/Postman-1694698709723.tar.gz","name":"Error","message":"EACCES: permission denied, open '/opt/postman/Postman-1694698709723.tar.gz'","stack":"Error: EACCES: permission denied, open '/opt/postman/Postman-1694698709723.tar.gz'"},"updateData":{"packageName":"Postman","eID":"Postman-1694698709723","downloadURL":"https://dl.pstmn.io/download/version/10.18.1/linux_64","downloadDirectory":"/opt/postman","downloadInfo":{"status":"DOWNLOAD_ERROR","error":{"errno":-13,"code":"EACCES","syscall":"open","path":"/opt/postman/Postman-1694698709723.tar.gz"},"downloadDirectory":"/opt/postman"}}}}]
[53437][1694698807654][main][info]["WindowManager~closeHandler - Closed Window (id: 1 )"]
[53437][1694698807666][main][error]["Main~handleUncaughtError - Uncaught errors",{"name":"TypeError","message":"Cannot read properties of undefined (reading 'send')","stack":"TypeError: Cannot read properties of undefined (reading 'send')\n    at Object.sendMessageToInterceptor (/opt/postman/app/resources/app/services/websocketServer.js:144:10)\n    at Object.requesterWindowHandler (/opt/postman/app/resources/app/services/websocketServer.js:389:14)\n    at EventEmitter.emit (node:events:402:35)\n    at EventEmitter.emit (node:domain:475:12)\n    at _dispatch (/opt/postman/app/resources/app/common/_event-bus.js:256:14)\n    at EventBus._publish (/opt/postman/app/resources/app/common/_event-bus.js:207:9)\n    at Object.closedHandler (/opt/postman/app/resources/app/services/windowManager.js:1081:18)\n    at BrowserWindow.emit (node:events:390:28)\n    at BrowserWindow.emit (node:domain:475:12)"}]
