2023-10-05 16:53:28.969 [info] Added views:workbench.panel.markers.view in workbench.panel.markers
2023-10-05 16:53:28.969 [info] Added views:workbench.panel.output in workbench.panel.output
2023-10-05 16:53:28.969 [info] Added views:terminal in terminal
2023-10-05 16:53:28.969 [info] Added views:outline in workbench.view.explorer
2023-10-05 16:53:28.969 [info] Added views:workbench.scm in workbench.view.scm
2023-10-05 16:53:28.969 [info] Added views:workbench.view.search in workbench.view.search
2023-10-05 16:53:28.969 [info] Added views:timeline in workbench.view.explorer
2023-10-05 16:53:28.970 [info] Added views:workbench.explorer.fileView in workbench.view.explorer
2023-10-05 16:53:29.200 [info] Added views:workbench.debug.welcome in workbench.view.debug
2023-10-05 16:53:29.403 [info] Added views:gitlens.views.home,gitlens.views.workspaces,gitlens.views.account in workbench.view.extension.gitlens
2023-10-05 16:53:29.404 [info] Added views:gitlens.views.commitDetails,gitlens.views.lineHistory,gitlens.views.fileHistory,gitlens.views.searchAndCompare in workbench.view.extension.gitlensInspect
2023-10-05 16:53:29.404 [info] Added views:gitlens.views.commits,gitlens.views.branches,gitlens.views.remotes,gitlens.views.stashes,gitlens.views.tags in workbench.view.scm
2023-10-05 16:53:29.405 [info] Added views:dockerContainers,dockerImages,dockerRegistries,dockerNetworks,dockerVolumes,vscode-docker.views.dockerContexts,vscode-docker.views.help in workbench.view.extension.dockerView
2023-10-05 16:53:29.407 [info] Added views:targetsContainers,devVolumes in workbench.view.remote
2023-10-05 16:53:29.408 [info] Added views:thunder-client-sidebar in workbench.view.extension.thunder-client
2023-10-05 16:53:29.806 [info] Added views:workbench.panel.repl.view in workbench.panel.repl
2023-10-05 16:53:31.969 [info] Added views:petsView in workbench.view.explorer
2023-10-05 16:53:32.630 [info] Added views:gitlens.views.graph,gitlens.views.graphDetails in workbench.view.extension.gitlensPanel
2023-10-05 16:53:32.637 [info] Added views:gitlens.views.timeline in workbench.view.extension.gitlensInspect
2023-10-05 16:53:32.663 [info] Added views:gitlens.views.worktrees in workbench.view.scm
2023-10-05 16:53:33.937 [info] Added views:~remote.forwardedPorts in ~remote.forwardedPortsContainer
