2023-10-16 14:21:45.467 [info] Added views:workbench.panel.markers.view in workbench.panel.markers
2023-10-16 14:21:45.467 [info] Added views:workbench.panel.output in workbench.panel.output
2023-10-16 14:21:45.467 [info] Added views:terminal in terminal
2023-10-16 14:21:45.467 [info] Added views:outline in workbench.view.explorer
2023-10-16 14:21:45.467 [info] Added views:workbench.scm in workbench.view.scm
2023-10-16 14:21:45.467 [info] Added views:workbench.view.search in workbench.view.search
2023-10-16 14:21:45.468 [info] Added views:timeline in workbench.view.explorer
2023-10-16 14:21:45.468 [info] Added views:workbench.explorer.fileView in workbench.view.explorer
2023-10-16 14:21:46.079 [info] Added views:gitlens.views.home,gitlens.views.workspaces,gitlens.views.account in workbench.view.extension.gitlens
2023-10-16 14:21:46.079 [info] Added views:gitlens.views.commitDetails,gitlens.views.lineHistory,gitlens.views.fileHistory,gitlens.views.searchAndCompare in workbench.view.extension.gitlensInspect
2023-10-16 14:21:46.080 [info] Added views:gitlens.views.commits,gitlens.views.branches,gitlens.views.remotes,gitlens.views.stashes,gitlens.views.tags in workbench.view.scm
2023-10-16 14:21:46.080 [info] Added views:dockerContainers,dockerImages,dockerRegistries,dockerNetworks,dockerVolumes,vscode-docker.views.dockerContexts,vscode-docker.views.help in workbench.view.extension.dockerView
2023-10-16 14:21:46.081 [info] Added views:targetsContainers,devVolumes in workbench.view.remote
2023-10-16 14:21:46.081 [info] Added views:thunder-client-sidebar in workbench.view.extension.thunder-client
2023-10-16 14:21:46.155 [info] Added views:workbench.debug.variablesView,workbench.debug.watchExpressionsView,workbench.debug.callStackView,workbench.debug.breakPointsView in workbench.view.debug
2023-10-16 14:21:46.292 [info] Added views:workbench.panel.repl.view in workbench.panel.repl
2023-10-16 14:21:46.293 [info] Removed views:workbench.debug.breakPointsView,workbench.debug.callStackView,workbench.debug.watchExpressionsView,workbench.debug.variablesView from workbench.view.debug
2023-10-16 14:21:46.294 [info] Added views:workbench.debug.welcome in workbench.view.debug
2023-10-16 14:21:46.731 [info] Added views:~remote.forwardedPorts in ~remote.forwardedPortsContainer
2023-10-16 14:21:47.219 [info] Removed views:gitlens.views.searchAndCompare,gitlens.views.fileHistory,gitlens.views.lineHistory,gitlens.views.commitDetails from workbench.view.extension.gitlensInspect
2023-10-16 14:21:47.221 [info] Removed views:gitlens.views.tags,gitlens.views.stashes,gitlens.views.remotes,gitlens.views.branches,gitlens.views.commits from workbench.view.scm
2023-10-16 14:21:47.357 [info] Added views:petsView in workbench.view.explorer
2023-10-16 14:21:47.756 [info] Added views:gitlens.views.commitDetails,gitlens.views.lineHistory,gitlens.views.fileHistory,gitlens.views.searchAndCompare in workbench.view.extension.gitlensInspect
2023-10-16 14:21:47.795 [info] Added views:gitlens.views.commits,gitlens.views.branches,gitlens.views.remotes,gitlens.views.stashes,gitlens.views.tags in workbench.view.scm
2023-10-16 14:21:48.795 [info] Added views:gitlens.views.graph,gitlens.views.graphDetails in workbench.view.extension.gitlensPanel
2023-10-16 14:21:48.796 [info] Added views:gitlens.views.timeline in workbench.view.extension.gitlensInspect
2023-10-16 14:21:48.805 [info] Added views:gitlens.views.worktrees in workbench.view.scm
