2023-07-17 02:44:41 Loading main app package /usr/lib/obsidian/obsidian.asar
2023-07-17 02:44:42 Checking for update using Github
2023-07-17 02:44:42 Success.
2023-07-17 02:44:42 Latest version is 1.3.5
2023-07-17 02:44:42 App is up to date.
2023-07-17 02:45:02 Loading main app package /usr/lib/obsidian/obsidian.asar
2023-07-17 02:45:02 Checking for update using Github
2023-07-17 03:44:41 Checking for update using Github
2023-07-17 03:44:41 Success.
2023-07-17 03:44:41 Latest version is 1.3.5
2023-07-17 03:44:41 App is up to date.
2023-07-17 15:59:30 Loading main app package /usr/lib/obsidian/obsidian.asar
2023-07-17 15:59:30 Checking for update using Github
2023-07-17 15:59:30 Success.
2023-07-17 15:59:30 Latest version is 1.3.5
2023-07-17 15:59:30 App is up to date.
2023-07-17 16:59:30 Checking for update using Github
2023-07-17 16:59:30 Success.
2023-07-17 16:59:30 Latest version is 1.3.5
2023-07-17 16:59:30 App is up to date.
2023-07-17 17:59:30 Checking for update using Github
2023-07-17 17:59:30 Success.
2023-07-17 17:59:30 Latest version is 1.3.5
2023-07-17 17:59:30 App is up to date.
2023-07-18 13:14:44 Loading main app package /usr/lib/obsidian/obsidian.asar
2023-07-18 13:14:44 Checking for update using Github
2023-07-18 13:14:45 Success.
2023-07-18 13:14:45 Latest version is 1.3.5
2023-07-18 13:14:45 App is up to date.
2023-07-18 14:14:44 Checking for update using Github
2023-07-18 14:14:49 Failed to check for update using Github (net::ERR_NETWORK_CHANGED)
2023-07-18 14:14:49 Checking for update using obsidian.md
2023-07-18 14:14:49 Failed to check for update using obsidian.md (net::ERR_INTERNET_DISCONNECTED)
2023-07-18 15:14:44 Checking for update using Github
2023-07-18 15:14:44 Success.
2023-07-18 15:14:44 Latest version is 1.3.5
2023-07-18 15:14:44 App is up to date.
2023-07-18 16:14:45 Checking for update using Github
2023-07-18 16:14:45 Success.
2023-07-18 16:14:45 Latest version is 1.3.5
2023-07-18 16:14:45 App is up to date.
2023-07-18 17:14:45 Checking for update using Github
2023-07-18 17:14:45 Success.
2023-07-18 17:14:45 Latest version is 1.3.5
2023-07-18 17:14:45 App is up to date.
2023-07-18 18:14:45 Checking for update using Github
2023-07-18 18:15:24 Failed to check for update using Github (net::ERR_NAME_NOT_RESOLVED)
2023-07-18 18:15:24 Checking for update using obsidian.md
2023-07-18 18:16:44 Failed to check for update using obsidian.md (net::ERR_NAME_NOT_RESOLVED)
2023-07-18 19:14:45 Checking for update using Github
2023-07-18 19:14:45 Success.
2023-07-18 19:14:45 Latest version is 1.3.5
2023-07-18 19:14:45 App is up to date.
2023-07-18 20:14:45 Checking for update using Github
2023-07-18 20:14:45 Success.
2023-07-18 20:14:45 Latest version is 1.3.5
2023-07-18 20:14:45 App is up to date.
2023-07-18 21:14:45 Checking for update using Github
2023-07-18 21:14:45 Success.
2023-07-18 21:14:45 Latest version is 1.3.5
2023-07-18 21:14:45 App is up to date.
2023-07-18 22:14:45 Checking for update using Github
2023-07-18 22:14:50 Success.
2023-07-18 22:14:50 Latest version is 1.3.5
2023-07-18 22:14:50 App is up to date.
2023-07-18 23:14:45 Checking for update using Github
2023-07-18 23:14:45 Success.
2023-07-18 23:14:45 Latest version is 1.3.5
2023-07-18 23:14:45 App is up to date.
2023-07-19 00:14:45 Checking for update using Github
2023-07-19 00:14:45 Success.
2023-07-19 00:14:45 Latest version is 1.3.5
2023-07-19 00:14:45 App is up to date.
2023-07-19 01:14:45 Checking for update using Github
2023-07-19 01:14:45 Success.
2023-07-19 01:14:45 Latest version is 1.3.5
2023-07-19 01:14:45 App is up to date.
2023-07-19 02:14:45 Checking for update using Github
2023-07-19 02:14:46 Success.
2023-07-19 02:14:46 Latest version is 1.3.5
2023-07-19 02:14:46 App is up to date.
2023-07-19 03:14:46 Checking for update using Github
2023-07-19 03:14:46 Success.
2023-07-19 03:14:46 Latest version is 1.3.5
2023-07-19 03:14:46 App is up to date.
2023-07-24 15:08:18 Loading main app package /usr/lib/obsidian/obsidian.asar
2023-07-24 15:08:19 Checking for update using Github
2023-07-24 15:08:19 Success.
2023-07-24 15:08:19 Latest version is 1.3.5
2023-07-24 15:08:19 App is up to date.
2023-07-24 16:08:19 Checking for update using Github
2023-07-24 16:08:24 Success.
2023-07-24 16:08:24 Latest version is 1.3.5
2023-07-24 16:08:24 App is up to date.
2023-07-24 17:08:19 Checking for update using Github
2023-07-24 17:08:19 Success.
2023-07-24 17:08:19 Latest version is 1.3.5
2023-07-24 17:08:19 App is up to date.
2023-07-24 18:08:19 Checking for update using Github
2023-07-24 18:08:19 Success.
2023-07-24 18:08:19 Latest version is 1.3.5
2023-07-24 18:08:19 App is up to date.
2023-07-24 19:08:19 Checking for update using Github
2023-07-24 19:08:19 Success.
2023-07-24 19:08:19 Latest version is 1.3.5
2023-07-24 19:08:19 App is up to date.
2023-07-28 16:11:02 Loading main app package /usr/lib/obsidian/obsidian.asar
2023-07-28 16:11:02 Checking for update using Github
2023-07-28 16:11:03 Success.
2023-07-28 16:11:03 Latest version is 1.3.5
2023-07-28 16:11:03 App is up to date.
2023-08-07 21:25:08 Loading main app package /usr/lib/obsidian/obsidian.asar
2023-08-07 21:25:08 Checking for update using Github
2023-08-07 21:25:09 Success.
2023-08-07 21:25:09 Latest version is 1.3.7
2023-08-07 21:25:09 App is up to date.
2023-08-07 22:25:08 Checking for update using Github
2023-08-07 22:25:13 Success.
2023-08-07 22:25:13 Latest version is 1.3.7
2023-08-07 22:25:13 App is up to date.
2023-08-16 20:08:39 Loading main app package /usr/lib/obsidian/obsidian.asar
2023-08-16 20:08:40 Checking for update using Github
2023-08-16 20:08:40 Success.
2023-08-16 20:08:40 Latest version is 1.3.7
2023-08-16 20:08:40 App is up to date.
2023-08-18 16:37:32 Loading main app package /usr/lib/obsidian/obsidian.asar
2023-08-18 16:37:32 Checking for update using Github
2023-08-18 16:37:32 Success.
2023-08-18 16:37:32 Latest version is 1.3.7
2023-08-18 16:37:32 App is up to date.
2023-08-18 16:40:44 Loading main app package /usr/lib/obsidian/obsidian.asar
2023-08-18 16:40:44 Checking for update using Github
2023-08-18 16:40:44 Success.
2023-08-18 16:40:44 Latest version is 1.3.7
2023-08-18 16:40:44 App is up to date.
2023-08-18 17:40:44 Checking for update using Github
2023-08-18 17:40:44 Success.
2023-08-18 17:40:44 Latest version is 1.3.7
2023-08-18 17:40:44 App is up to date.
2023-08-18 18:40:44 Checking for update using Github
2023-08-18 18:40:44 Success.
2023-08-18 18:40:44 Latest version is 1.3.7
2023-08-18 18:40:44 App is up to date.
2023-08-18 19:40:44 Checking for update using Github
2023-08-18 19:40:44 Success.
2023-08-18 19:40:44 Latest version is 1.3.7
2023-08-18 19:40:44 App is up to date.
2023-08-18 20:40:44 Checking for update using Github
2023-08-18 20:40:44 Success.
2023-08-18 20:40:44 Latest version is 1.3.7
2023-08-18 20:40:44 App is up to date.
2023-08-19 16:10:49 Loading main app package /usr/lib/obsidian/obsidian.asar
2023-08-19 16:10:49 Checking for update using Github
2023-08-19 16:10:49 Success.
2023-08-19 16:10:49 Latest version is 1.3.7
2023-08-19 16:10:49 App is up to date.
2023-08-19 17:10:49 Checking for update using Github
2023-08-19 17:10:49 Success.
2023-08-19 17:10:49 Latest version is 1.3.7
2023-08-19 17:10:49 App is up to date.
2023-08-19 18:10:49 Checking for update using Github
2023-08-19 18:10:49 Success.
2023-08-19 18:10:49 Latest version is 1.3.7
2023-08-19 18:10:49 App is up to date.
2023-08-19 19:10:49 Checking for update using Github
2023-08-19 19:10:50 Success.
2023-08-19 19:10:50 Latest version is 1.3.7
2023-08-19 19:10:50 App is up to date.
2023-08-19 20:10:50 Checking for update using Github
2023-08-19 20:10:50 Success.
2023-08-19 20:10:50 Latest version is 1.3.7
2023-08-19 20:10:50 App is up to date.
2023-08-19 21:10:50 Checking for update using Github
2023-08-19 21:10:50 Success.
2023-08-19 21:10:50 Latest version is 1.3.7
2023-08-19 21:10:50 App is up to date.
2023-08-19 22:10:50 Checking for update using Github
2023-08-19 22:10:50 Success.
2023-08-19 22:10:50 Latest version is 1.3.7
2023-08-19 22:10:50 App is up to date.
2023-08-19 23:10:50 Checking for update using Github
2023-08-19 23:10:50 Success.
2023-08-19 23:10:50 Latest version is 1.3.7
2023-08-19 23:10:50 App is up to date.
2023-08-21 17:03:51 Loading main app package /usr/lib/obsidian/obsidian.asar
2023-08-21 17:03:51 Checking for update using Github
2023-08-21 17:03:51 Success.
2023-08-21 17:03:51 Latest version is 1.3.7
2023-08-21 17:03:51 App is up to date.
2023-08-21 18:03:51 Checking for update using Github
2023-08-21 18:03:51 Success.
2023-08-21 18:03:51 Latest version is 1.3.7
2023-08-21 18:03:51 App is up to date.
2023-08-21 19:03:51 Checking for update using Github
2023-08-21 19:03:51 Success.
2023-08-21 19:03:51 Latest version is 1.3.7
2023-08-21 19:03:51 App is up to date.
2023-08-21 20:03:51 Checking for update using Github
2023-08-21 20:03:51 Success.
2023-08-21 20:03:51 Latest version is 1.3.7
2023-08-21 20:03:51 App is up to date.
2023-08-21 21:03:51 Checking for update using Github
2023-08-21 21:03:51 Success.
2023-08-21 21:03:51 Latest version is 1.3.7
2023-08-21 21:03:51 App is up to date.
2023-08-21 22:03:51 Checking for update using Github
2023-08-21 22:03:51 Success.
2023-08-21 22:03:51 Latest version is 1.3.7
2023-08-21 22:03:51 App is up to date.
2023-08-21 23:03:51 Checking for update using Github
2023-08-21 23:03:51 Success.
2023-08-21 23:03:51 Latest version is 1.3.7
2023-08-21 23:03:51 App is up to date.
2023-08-22 00:03:51 Checking for update using Github
2023-08-22 00:03:52 Success.
2023-08-22 00:03:52 Latest version is 1.3.7
2023-08-22 00:03:52 App is up to date.
2023-08-22 01:03:51 Checking for update using Github
2023-08-22 01:03:51 Success.
2023-08-22 01:03:51 Latest version is 1.3.7
2023-08-22 01:03:51 App is up to date.
2023-08-22 02:03:51 Checking for update using Github
2023-08-22 02:03:51 Success.
2023-08-22 02:03:51 Latest version is 1.3.7
2023-08-22 02:03:51 App is up to date.
2023-08-22 03:03:51 Checking for update using Github
2023-08-22 03:03:51 Success.
2023-08-22 03:03:51 Latest version is 1.3.7
2023-08-22 03:03:51 App is up to date.
2023-08-22 04:03:51 Checking for update using Github
2023-08-22 04:03:51 Success.
2023-08-22 04:03:51 Latest version is 1.3.7
2023-08-22 04:03:51 App is up to date.
2023-08-22 05:03:52 Checking for update using Github
2023-08-22 05:03:57 Success.
2023-08-22 05:03:57 Latest version is 1.3.7
2023-08-22 05:03:57 App is up to date.
2023-08-22 06:03:52 Checking for update using Github
2023-08-22 06:03:52 Success.
2023-08-22 06:03:52 Latest version is 1.3.7
2023-08-22 06:03:52 App is up to date.
2023-08-22 07:03:52 Checking for update using Github
2023-08-22 07:03:52 Success.
2023-08-22 07:03:52 Latest version is 1.3.7
2023-08-22 07:03:52 App is up to date.
2023-08-22 08:03:52 Checking for update using Github
2023-08-22 08:03:52 Success.
2023-08-22 08:03:52 Latest version is 1.3.7
2023-08-22 08:03:52 App is up to date.
2023-08-22 09:03:52 Checking for update using Github
2023-08-22 09:03:52 Success.
2023-08-22 09:03:52 Latest version is 1.3.7
2023-08-22 09:03:52 App is up to date.
2023-08-22 10:03:52 Checking for update using Github
2023-08-22 10:03:53 Success.
2023-08-22 10:03:53 Latest version is 1.3.7
2023-08-22 10:03:53 App is up to date.
2023-08-22 11:03:52 Checking for update using Github
2023-08-22 11:03:52 Success.
2023-08-22 11:03:52 Latest version is 1.3.7
2023-08-22 11:03:52 App is up to date.
2023-08-22 12:03:52 Checking for update using Github
2023-08-22 12:03:52 Success.
2023-08-22 12:03:52 Latest version is 1.3.7
2023-08-22 12:03:52 App is up to date.
2023-08-22 13:03:52 Checking for update using Github
2023-08-22 13:03:52 Success.
2023-08-22 13:03:52 Latest version is 1.3.7
2023-08-22 13:03:52 App is up to date.
2023-08-22 17:31:07 Loading main app package /usr/lib/obsidian/obsidian.asar
2023-08-22 17:31:08 Checking for update using Github
2023-08-22 17:31:08 Success.
2023-08-22 17:31:08 Latest version is 1.3.7
2023-08-22 17:31:08 App is up to date.
2023-08-22 18:31:07 Checking for update using Github
2023-08-22 18:31:08 Success.
2023-08-22 18:31:08 Latest version is 1.3.7
2023-08-22 18:31:08 App is up to date.
2023-08-22 19:31:07 Checking for update using Github
2023-08-22 19:31:08 Success.
2023-08-22 19:31:08 Latest version is 1.3.7
2023-08-22 19:31:08 App is up to date.
2023-08-22 20:31:08 Checking for update using Github
2023-08-22 20:31:08 Success.
2023-08-22 20:31:08 Latest version is 1.3.7
2023-08-22 20:31:08 App is up to date.
2023-08-22 21:31:08 Checking for update using Github
2023-08-22 21:31:08 Success.
2023-08-22 21:31:08 Latest version is 1.3.7
2023-08-22 21:31:08 App is up to date.
2023-08-22 22:31:08 Checking for update using Github
2023-08-22 22:31:08 Success.
2023-08-22 22:31:08 Latest version is 1.3.7
2023-08-22 22:31:08 App is up to date.
2023-08-22 23:31:08 Checking for update using Github
2023-08-22 23:31:08 Success.
2023-08-22 23:31:08 Latest version is 1.3.7
2023-08-22 23:31:08 App is up to date.
2023-08-23 00:31:08 Checking for update using Github
2023-08-23 00:31:08 Success.
2023-08-23 00:31:08 Latest version is 1.3.7
2023-08-23 00:31:08 App is up to date.
2023-08-23 01:31:08 Checking for update using Github
2023-08-23 01:31:08 Success.
2023-08-23 01:31:08 Latest version is 1.3.7
2023-08-23 01:31:08 App is up to date.
2023-08-23 02:31:08 Checking for update using Github
2023-08-23 02:31:08 Success.
2023-08-23 02:31:08 Latest version is 1.3.7
2023-08-23 02:31:08 App is up to date.
2023-08-23 11:05:03 Loading main app package /usr/lib/obsidian/obsidian.asar
2023-08-23 11:05:04 Checking for update using Github
2023-08-23 11:05:04 Success.
2023-08-23 11:05:04 Latest version is 1.3.7
2023-08-23 11:05:04 App is up to date.
2023-08-23 12:05:03 Checking for update using Github
2023-08-23 12:05:03 Success.
2023-08-23 12:05:03 Latest version is 1.3.7
2023-08-23 12:05:03 App is up to date.
2023-08-23 13:05:03 Checking for update using Github
2023-08-23 13:05:04 Success.
2023-08-23 13:05:04 Latest version is 1.3.7
2023-08-23 13:05:04 App is up to date.
2023-08-23 14:05:04 Checking for update using Github
2023-08-23 14:05:04 Success.
2023-08-23 14:05:04 Latest version is 1.3.7
2023-08-23 14:05:04 App is up to date.
2023-08-24 15:17:08 Loading main app package /usr/lib/obsidian/obsidian.asar
2023-08-24 15:17:08 Checking for update using Github
2023-08-24 15:17:08 Success.
2023-08-24 15:17:08 Latest version is 1.3.7
2023-08-24 15:17:08 App is up to date.
2023-08-24 16:17:08 Checking for update using Github
2023-08-24 16:17:08 Success.
2023-08-24 16:17:08 Latest version is 1.3.7
2023-08-24 16:17:08 App is up to date.
2023-08-24 17:17:08 Checking for update using Github
2023-08-24 17:17:08 Success.
2023-08-24 17:17:08 Latest version is 1.3.7
2023-08-24 17:17:08 App is up to date.
2023-08-24 18:17:08 Checking for update using Github
2023-08-24 18:17:08 Success.
2023-08-24 18:17:08 Latest version is 1.3.7
2023-08-24 18:17:08 App is up to date.
2023-08-24 19:17:08 Checking for update using Github
2023-08-24 19:17:08 Success.
2023-08-24 19:17:08 Latest version is 1.3.7
2023-08-24 19:17:08 App is up to date.
2023-08-24 20:17:08 Checking for update using Github
2023-08-24 20:17:08 Success.
2023-08-24 20:17:08 Latest version is 1.3.7
2023-08-24 20:17:08 App is up to date.
2023-08-25 16:14:00 Loading main app package /usr/lib/obsidian/obsidian.asar
2023-08-25 16:14:00 Checking for update using Github
2023-08-25 16:14:00 Success.
2023-08-25 16:14:00 Latest version is 1.3.7
2023-08-25 16:14:00 App is up to date.
2023-08-25 16:14:07 Loading main app package /usr/lib/obsidian/obsidian.asar
2023-08-25 16:14:07 Checking for update using Github
2023-08-25 17:14:00 Checking for update using Github
2023-08-25 17:14:00 Success.
2023-08-25 17:14:00 Latest version is 1.3.7
2023-08-25 17:14:00 App is up to date.
2023-08-25 18:14:00 Checking for update using Github
2023-08-25 18:14:00 Success.
2023-08-25 18:14:00 Latest version is 1.3.7
2023-08-25 18:14:00 App is up to date.
2023-08-25 19:14:00 Checking for update using Github
2023-08-25 19:14:00 Success.
2023-08-25 19:14:00 Latest version is 1.3.7
2023-08-25 19:14:00 App is up to date.
2023-08-25 20:14:00 Checking for update using Github
2023-08-25 20:14:01 Success.
2023-08-25 20:14:01 Latest version is 1.3.7
2023-08-25 20:14:01 App is up to date.
2023-08-25 21:14:01 Checking for update using Github
2023-08-25 21:14:01 Success.
2023-08-25 21:14:01 Latest version is 1.3.7
2023-08-25 21:14:01 App is up to date.
2023-08-25 22:14:01 Checking for update using Github
2023-08-25 22:14:01 Success.
2023-08-25 22:14:01 Latest version is 1.3.7
2023-08-25 22:14:01 App is up to date.
2023-08-25 23:14:01 Checking for update using Github
2023-08-25 23:14:01 Success.
2023-08-25 23:14:01 Latest version is 1.3.7
2023-08-25 23:14:01 App is up to date.
2023-08-26 00:14:01 Checking for update using Github
2023-08-26 00:14:02 Success.
2023-08-26 00:14:02 Latest version is 1.3.7
2023-08-26 00:14:02 App is up to date.
2023-08-26 01:14:01 Checking for update using Github
2023-08-26 01:14:01 Success.
2023-08-26 01:14:01 Latest version is 1.3.7
2023-08-26 01:14:01 App is up to date.
2023-08-26 02:14:01 Checking for update using Github
2023-08-26 02:14:01 Success.
2023-08-26 02:14:01 Latest version is 1.3.7
2023-08-26 02:14:01 App is up to date.
2023-09-06 16:16:37 Loading main app package /usr/lib/obsidian/obsidian.asar
2023-09-06 16:16:37 Checking for update using Github
2023-09-06 16:16:37 Success.
2023-09-06 16:16:37 Latest version is 1.4.5
2023-09-06 16:16:37 App is up to date.
2023-09-07 16:59:44 Loading main app package /usr/lib/obsidian/obsidian.asar
2023-09-07 16:59:44 Checking for update using Github
2023-09-07 16:59:44 Success.
2023-09-07 16:59:44 Latest version is 1.4.5
2023-09-07 16:59:44 App is up to date.
2023-09-07 17:59:44 Checking for update using Github
2023-09-07 17:59:44 Success.
2023-09-07 17:59:44 Latest version is 1.4.5
2023-09-07 17:59:44 App is up to date.
2023-09-15 14:21:46 Loading main app package /usr/lib/obsidian/obsidian.asar
2023-09-15 14:21:46 Checking for update using Github
2023-09-15 14:21:46 Success.
2023-09-15 14:21:46 Latest version is 1.4.12
2023-09-15 14:21:46 App is up to date.
2023-09-15 15:21:46 Checking for update using Github
2023-09-15 15:21:46 Success.
2023-09-15 15:21:46 Latest version is 1.4.12
2023-09-15 15:21:46 App is up to date.
2023-09-15 16:21:46 Checking for update using Github
2023-09-15 16:21:46 Success.
2023-09-15 16:21:46 Latest version is 1.4.13
2023-09-15 16:21:46 Downloading update from https://github.com/obsidianmd/obsidian-releases/releases/download/v1.4.13/obsidian-1.4.13.asar.gz
2023-09-15 16:21:48 Verifying hash & signature. Size= 8394487
2023-09-15 16:21:48 Saving file
2023-09-15 16:21:48 Update complete.
2023-09-15 17:21:46 Checking for update using Github
2023-09-15 17:21:46 Success.
2023-09-15 17:21:46 Latest version is 1.4.13
2023-09-15 17:21:46 An update is already downloaded.
2023-09-15 18:21:46 Checking for update using Github
2023-09-15 18:21:46 Failed to check for update using Github (net::ERR_INTERNET_DISCONNECTED)
2023-09-15 18:21:46 Checking for update using obsidian.md
2023-09-15 18:21:46 Failed to check for update using obsidian.md (net::ERR_INTERNET_DISCONNECTED)
2023-09-15 19:21:46 Checking for update using Github
2023-09-15 19:21:46 Success.
2023-09-15 19:21:46 Latest version is 1.4.13
2023-09-15 19:21:46 An update is already downloaded.
2023-09-15 20:21:46 Checking for update using Github
2023-09-15 20:21:47 Success.
2023-09-15 20:21:47 Latest version is 1.4.13
2023-09-15 20:21:47 An update is already downloaded.
2023-09-26 20:09:43 Loading main app package /usr/lib/obsidian/obsidian.asar
2023-09-26 20:09:43 Checking for update using Github
2023-09-26 20:09:44 Success.
2023-09-26 20:09:44 Latest version is 1.4.14
2023-09-26 20:09:44 Downloading update from https://github.com/obsidianmd/obsidian-releases/releases/download/v1.4.14/obsidian-1.4.14.asar.gz
2023-09-26 20:09:45 Verifying hash & signature. Size= 8393737
2023-09-26 20:09:45 Saving file
2023-09-26 20:09:45 Update complete.
