2023-10-13 12:04:41.332 [info] Deleted uninstalled extension from disk enkia.tokyo-night /home/scrviyy/.vscode/extensions/enkia.tokyo-night-1.0.2
2023-10-13 12:04:41.557 [info] Deleted uninstalled extension from disk rangav.vscode-thunder-client /home/scrviyy/.vscode/extensions/rangav.vscode-thunder-client-2.12.6
2023-10-13 12:04:41.758 [info] Deleted uninstalled extension from disk ms-vscode.vscode-typescript-next /home/scrviyy/.vscode/extensions/ms-vscode.vscode-typescript-next-5.3.20231002
2023-10-13 12:04:41.889 [info] Deleted uninstalled extension from disk ms-vscode-remote.remote-containers /home/scrviyy/.vscode/extensions/ms-vscode-remote.remote-containers-0.309.0
2023-10-13 12:04:41.930 [error] [uncaught exception in sharedProcess]: Error: ENOENT: no such file or directory, stat '/home/scrviyy/.vscode/extensions/rangav.vscode-thunder-client-2.12.6.2ad61cc3.vsctmp': EntryNotFound (FileSystemError): Error: ENOENT: no such file or directory, stat '/home/scrviyy/.vscode/extensions/rangav.vscode-thunder-client-2.12.6.2ad61cc3.vsctmp'
    at s.create (/opt/visual-studio-code/resources/app/out/vs/code/node/sharedProcess/sharedProcessMain.js:51:30209)
    at i (/opt/visual-studio-code/resources/app/out/vs/code/node/sharedProcess/sharedProcessMain.js:51:30329)
    at t.eb (/opt/visual-studio-code/resources/app/out/vs/code/node/sharedProcess/sharedProcessMain.js:56:35625)
    at t.stat (/opt/visual-studio-code/resources/app/out/vs/code/node/sharedProcess/sharedProcessMain.js:56:28201)
    at async w.stat (/opt/visual-studio-code/resources/app/out/vs/code/node/sharedProcess/sharedProcessMain.js:56:15579)
    at async Q.tb (/opt/visual-studio-code/resources/app/out/vs/code/node/sharedProcess/sharedProcessMain.js:109:9514)
2023-10-13 12:04:41.964 [info] Deleted uninstalled extension from disk shd101wyy.markdown-preview-enhanced /home/scrviyy/.vscode/extensions/shd101wyy.markdown-preview-enhanced-0.7.10
2023-10-13 12:04:42.487 [info] Deleted uninstalled extension from disk equinusocio.vsc-material-theme-icons /home/scrviyy/.vscode/extensions/equinusocio.vsc-material-theme-icons-3.0.4
2023-10-13 12:04:42.517 [info] Deleted uninstalled extension from disk ms-python.vscode-pylance /home/scrviyy/.vscode/extensions/ms-python.vscode-pylance-2023.9.30
2023-10-13 12:04:46.192 [info] Getting Manifest... enkia.tokyo-night
2023-10-13 12:04:46.193 [info] Getting Manifest... equinusocio.vsc-material-theme-icons
2023-10-13 12:04:46.194 [info] Getting Manifest... ms-python.python
2023-10-13 12:04:46.195 [info] Getting Manifest... ms-python.vscode-pylance
2023-10-13 12:04:46.196 [info] Getting Manifest... ms-vscode.vscode-typescript-next
2023-10-13 12:04:46.196 [info] Getting Manifest... pkief.material-icon-theme
2023-10-13 12:04:46.197 [info] Getting Manifest... rangav.vscode-thunder-client
2023-10-13 12:04:46.198 [info] Getting Manifest... shd101wyy.markdown-preview-enhanced
2023-10-13 12:04:46.235 [info] Installing extension: enkia.tokyo-night
2023-10-13 12:04:46.268 [info] Installing extension: pkief.material-icon-theme
2023-10-13 12:04:46.274 [info] Installing extension: equinusocio.vsc-material-theme-icons
2023-10-13 12:04:46.275 [info] Installing extension: ms-vscode.vscode-typescript-next
2023-10-13 12:04:46.289 [info] Installing extension: ms-python.vscode-pylance
2023-10-13 12:04:46.290 [info] Installing extension: shd101wyy.markdown-preview-enhanced
2023-10-13 12:04:46.291 [info] Installing extension: rangav.vscode-thunder-client
2023-10-13 12:04:46.293 [info] Installing extension: ms-python.python
2023-10-13 12:04:47.513 [info] Getting Manifest... ms-python.python
2023-10-13 12:04:47.629 [info] Waiting for already requested installing extension ms-python.python ms-python.vscode-pylance
2023-10-13 12:04:47.907 [warning] Extension signature verification failed with error 'UnknownError': pkief.material-icon-theme
2023-10-13 12:04:47.907 [warning] Extension signature verification failed with error 'UnknownError': enkia.tokyo-night
2023-10-13 12:04:47.946 [info] Extracted extension to file:///home/scrviyy/.vscode/extensions/enkia.tokyo-night-1.0.5: enkia.tokyo-night
2023-10-13 12:04:47.949 [info] Renamed to /home/scrviyy/.vscode/extensions/enkia.tokyo-night-1.0.5
2023-10-13 12:04:47.951 [info] Extracting extension completed. enkia.tokyo-night
2023-10-13 12:04:47.966 [info] Extension installed successfully: enkia.tokyo-night
2023-10-13 12:04:47.972 [info] Marked extension as uninstalled enkia.tokyo-night-1.0.4
2023-10-13 12:04:48.037 [error] [uncaught exception in sharedProcess]: Error: ENOENT: no such file or directory, stat '/home/scrviyy/.vscode/extensions/extensions.json.vsctmp': EntryNotFound (FileSystemError): Error: ENOENT: no such file or directory, stat '/home/scrviyy/.vscode/extensions/extensions.json.vsctmp'
    at s.create (/opt/visual-studio-code/resources/app/out/vs/code/node/sharedProcess/sharedProcessMain.js:51:30209)
    at i (/opt/visual-studio-code/resources/app/out/vs/code/node/sharedProcess/sharedProcessMain.js:51:30329)
    at t.eb (/opt/visual-studio-code/resources/app/out/vs/code/node/sharedProcess/sharedProcessMain.js:56:35625)
    at t.stat (/opt/visual-studio-code/resources/app/out/vs/code/node/sharedProcess/sharedProcessMain.js:56:28201)
    at async w.stat (/opt/visual-studio-code/resources/app/out/vs/code/node/sharedProcess/sharedProcessMain.js:56:15579)
    at async Q.tb (/opt/visual-studio-code/resources/app/out/vs/code/node/sharedProcess/sharedProcessMain.js:109:9514)
2023-10-13 12:04:48.416 [info] Extracted extension to file:///home/scrviyy/.vscode/extensions/pkief.material-icon-theme-4.31.0: pkief.material-icon-theme
2023-10-13 12:04:48.419 [info] Renamed to /home/scrviyy/.vscode/extensions/pkief.material-icon-theme-4.31.0
2023-10-13 12:04:48.421 [info] Extracting extension completed. pkief.material-icon-theme
2023-10-13 12:04:48.429 [info] Extension installed successfully: pkief.material-icon-theme
2023-10-13 12:04:48.432 [info] Marked extension as uninstalled pkief.material-icon-theme-4.30.1
2023-10-13 12:04:48.504 [error] [uncaught exception in sharedProcess]: Error: ENOENT: no such file or directory, stat '/home/scrviyy/.vscode/extensions/extensions.json.vsctmp': EntryNotFound (FileSystemError): Error: ENOENT: no such file or directory, stat '/home/scrviyy/.vscode/extensions/extensions.json.vsctmp'
    at s.create (/opt/visual-studio-code/resources/app/out/vs/code/node/sharedProcess/sharedProcessMain.js:51:30209)
    at i (/opt/visual-studio-code/resources/app/out/vs/code/node/sharedProcess/sharedProcessMain.js:51:30329)
    at t.eb (/opt/visual-studio-code/resources/app/out/vs/code/node/sharedProcess/sharedProcessMain.js:56:35625)
    at t.stat (/opt/visual-studio-code/resources/app/out/vs/code/node/sharedProcess/sharedProcessMain.js:56:28201)
    at async w.stat (/opt/visual-studio-code/resources/app/out/vs/code/node/sharedProcess/sharedProcessMain.js:56:15579)
    at async Q.tb (/opt/visual-studio-code/resources/app/out/vs/code/node/sharedProcess/sharedProcessMain.js:109:9514)
2023-10-13 12:04:50.162 [warning] Extension signature verification failed with error 'UnknownError': equinusocio.vsc-material-theme-icons
2023-10-13 12:04:50.211 [warning] Extension signature verification failed with error 'UnknownError': shd101wyy.markdown-preview-enhanced
2023-10-13 12:04:50.212 [warning] Extension signature verification failed with error 'UnknownError': ms-python.vscode-pylance
2023-10-13 12:04:50.447 [warning] Extension signature verification failed with error 'UnknownError': rangav.vscode-thunder-client
2023-10-13 12:04:50.449 [warning] Extension signature verification failed with error 'UnknownError': ms-vscode.vscode-typescript-next
2023-10-13 12:04:50.588 [info] Extracted extension to file:///home/scrviyy/.vscode/extensions/rangav.vscode-thunder-client-2.13.5: rangav.vscode-thunder-client
2023-10-13 12:04:50.594 [info] Renamed to /home/scrviyy/.vscode/extensions/rangav.vscode-thunder-client-2.13.5
2023-10-13 12:04:50.597 [info] Extracting extension completed. rangav.vscode-thunder-client
2023-10-13 12:04:50.608 [info] Extension installed successfully: rangav.vscode-thunder-client
2023-10-13 12:04:50.620 [info] Marked extension as uninstalled rangav.vscode-thunder-client-2.12.7
2023-10-13 12:04:50.629 [error] [uncaught exception in sharedProcess]: Error: ENOENT: no such file or directory, stat '/home/scrviyy/.vscode/extensions/extensions.json.vsctmp': EntryNotFound (FileSystemError): Error: ENOENT: no such file or directory, stat '/home/scrviyy/.vscode/extensions/extensions.json.vsctmp'
    at s.create (/opt/visual-studio-code/resources/app/out/vs/code/node/sharedProcess/sharedProcessMain.js:51:30209)
    at i (/opt/visual-studio-code/resources/app/out/vs/code/node/sharedProcess/sharedProcessMain.js:51:30329)
    at t.eb (/opt/visual-studio-code/resources/app/out/vs/code/node/sharedProcess/sharedProcessMain.js:56:35625)
    at t.stat (/opt/visual-studio-code/resources/app/out/vs/code/node/sharedProcess/sharedProcessMain.js:56:28201)
    at async w.stat (/opt/visual-studio-code/resources/app/out/vs/code/node/sharedProcess/sharedProcessMain.js:56:15579)
    at async Q.tb (/opt/visual-studio-code/resources/app/out/vs/code/node/sharedProcess/sharedProcessMain.js:109:9514)
2023-10-13 12:04:50.898 [warning] Extension signature verification failed with error 'UnknownError': ms-python.python
2023-10-13 12:04:51.229 [info] Extracted extension to file:///home/scrviyy/.vscode/extensions/shd101wyy.markdown-preview-enhanced-0.8.5: shd101wyy.markdown-preview-enhanced
2023-10-13 12:04:51.235 [info] Renamed to /home/scrviyy/.vscode/extensions/shd101wyy.markdown-preview-enhanced-0.8.5
2023-10-13 12:04:51.238 [info] Extracting extension completed. shd101wyy.markdown-preview-enhanced
2023-10-13 12:04:51.247 [info] Extension installed successfully: shd101wyy.markdown-preview-enhanced
2023-10-13 12:04:51.254 [info] Marked extension as uninstalled shd101wyy.markdown-preview-enhanced-0.8.0
2023-10-13 12:04:51.335 [error] [uncaught exception in sharedProcess]: Error: ENOENT: no such file or directory, stat '/home/scrviyy/.vscode/extensions/extensions.json.vsctmp': EntryNotFound (FileSystemError): Error: ENOENT: no such file or directory, stat '/home/scrviyy/.vscode/extensions/extensions.json.vsctmp'
    at s.create (/opt/visual-studio-code/resources/app/out/vs/code/node/sharedProcess/sharedProcessMain.js:51:30209)
    at i (/opt/visual-studio-code/resources/app/out/vs/code/node/sharedProcess/sharedProcessMain.js:51:30329)
    at t.eb (/opt/visual-studio-code/resources/app/out/vs/code/node/sharedProcess/sharedProcessMain.js:56:35625)
    at t.stat (/opt/visual-studio-code/resources/app/out/vs/code/node/sharedProcess/sharedProcessMain.js:56:28201)
    at async w.stat (/opt/visual-studio-code/resources/app/out/vs/code/node/sharedProcess/sharedProcessMain.js:56:15579)
    at async Q.tb (/opt/visual-studio-code/resources/app/out/vs/code/node/sharedProcess/sharedProcessMain.js:109:9514)
2023-10-13 12:04:51.365 [info] Extracted extension to file:///home/scrviyy/.vscode/extensions/ms-vscode.vscode-typescript-next-5.3.20231012: ms-vscode.vscode-typescript-next
2023-10-13 12:04:51.369 [info] Renamed to /home/scrviyy/.vscode/extensions/ms-vscode.vscode-typescript-next-5.3.20231012
2023-10-13 12:04:51.371 [info] Extracting extension completed. ms-vscode.vscode-typescript-next
2023-10-13 12:04:51.379 [info] Extension installed successfully: ms-vscode.vscode-typescript-next
2023-10-13 12:04:51.384 [info] Marked extension as uninstalled ms-vscode.vscode-typescript-next-5.3.20231004
2023-10-13 12:04:56.223 [info] Extracted extension to file:///home/scrviyy/.vscode/extensions/ms-python.python-2023.18.0: ms-python.python
2023-10-13 12:04:56.238 [info] Renamed to /home/scrviyy/.vscode/extensions/ms-python.python-2023.18.0
2023-10-13 12:04:56.254 [info] Extracting extension completed. ms-python.python
2023-10-13 12:04:56.280 [info] Extension installed successfully: ms-python.python
2023-10-13 12:04:56.281 [info] Finished waiting for already requested installing extension ms-python.python ms-python.vscode-pylance
2023-10-13 12:04:56.303 [info] Marked extension as uninstalled ms-python.python-2023.16.0
2023-10-13 12:04:56.307 [info] Extracted extension to file:///home/scrviyy/.vscode/extensions/equinusocio.vsc-material-theme-icons-3.1.4: equinusocio.vsc-material-theme-icons
2023-10-13 12:04:56.315 [info] Renamed to /home/scrviyy/.vscode/extensions/equinusocio.vsc-material-theme-icons-3.1.4
2023-10-13 12:04:56.321 [info] Extracting extension completed. equinusocio.vsc-material-theme-icons
2023-10-13 12:04:56.348 [info] Extension installed successfully: equinusocio.vsc-material-theme-icons
2023-10-13 12:04:56.354 [error] [uncaught exception in sharedProcess]: Error: ENOENT: no such file or directory, stat '/home/scrviyy/.vscode/extensions/extensions.json.vsctmp': EntryNotFound (FileSystemError): Error: ENOENT: no such file or directory, stat '/home/scrviyy/.vscode/extensions/extensions.json.vsctmp'
    at s.create (/opt/visual-studio-code/resources/app/out/vs/code/node/sharedProcess/sharedProcessMain.js:51:30209)
    at i (/opt/visual-studio-code/resources/app/out/vs/code/node/sharedProcess/sharedProcessMain.js:51:30329)
    at t.eb (/opt/visual-studio-code/resources/app/out/vs/code/node/sharedProcess/sharedProcessMain.js:56:35625)
    at t.stat (/opt/visual-studio-code/resources/app/out/vs/code/node/sharedProcess/sharedProcessMain.js:56:28201)
    at async w.stat (/opt/visual-studio-code/resources/app/out/vs/code/node/sharedProcess/sharedProcessMain.js:56:15579)
    at async Q.tb (/opt/visual-studio-code/resources/app/out/vs/code/node/sharedProcess/sharedProcessMain.js:109:9514)
2023-10-13 12:04:56.446 [info] Marked extension as uninstalled equinusocio.vsc-material-theme-icons-3.1.0
2023-10-13 12:04:58.464 [info] Extracted extension to file:///home/scrviyy/.vscode/extensions/ms-python.vscode-pylance-2023.10.20: ms-python.vscode-pylance
2023-10-13 12:04:58.473 [info] Renamed to /home/scrviyy/.vscode/extensions/ms-python.vscode-pylance-2023.10.20
2023-10-13 12:04:58.477 [info] Extracting extension completed. ms-python.vscode-pylance
2023-10-13 12:04:58.493 [info] Extension installed successfully: ms-python.vscode-pylance
2023-10-13 12:04:58.497 [info] Marked extension as uninstalled ms-python.vscode-pylance-2023.10.10
2023-10-13 12:04:58.567 [error] [uncaught exception in sharedProcess]: Error: ENOENT: no such file or directory, stat '/home/scrviyy/.vscode/extensions/extensions.json.vsctmp': EntryNotFound (FileSystemError): Error: ENOENT: no such file or directory, stat '/home/scrviyy/.vscode/extensions/extensions.json.vsctmp'
    at s.create (/opt/visual-studio-code/resources/app/out/vs/code/node/sharedProcess/sharedProcessMain.js:51:30209)
    at i (/opt/visual-studio-code/resources/app/out/vs/code/node/sharedProcess/sharedProcessMain.js:51:30329)
    at t.eb (/opt/visual-studio-code/resources/app/out/vs/code/node/sharedProcess/sharedProcessMain.js:56:35625)
    at t.stat (/opt/visual-studio-code/resources/app/out/vs/code/node/sharedProcess/sharedProcessMain.js:56:28201)
    at async w.stat (/opt/visual-studio-code/resources/app/out/vs/code/node/sharedProcess/sharedProcessMain.js:56:15579)
    at async Q.tb (/opt/visual-studio-code/resources/app/out/vs/code/node/sharedProcess/sharedProcessMain.js:109:9514)
